#
# There is insufficient memory for the Java Runtime Environment to continue.
# Native memory allocation (mmap) failed to map 134217728 bytes for Failed to commit area from 0x0000000081c00000 to 0x0000000089c00000 of length 134217728.
# Possible reasons:
#   The system is out of physical RAM or swap space
#   The process is running with CompressedOops enabled, and the Java Heap may be blocking the growth of the native heap
# Possible solutions:
#   Reduce memory load on the system
#   Increase physical memory or swap space
#   Check if swap backing store is full
#   Decrease Java heap size (-Xmx/-Xms)
#   Decrease number of Java threads
#   Decrease Java thread stack sizes (-Xss)
#   Set larger code cache with -XX:ReservedCodeCacheSize=
# This output file may be truncated or incomplete.
#
#  Out of Memory Error (t:/workspace/open/src/hotspot/os/windows/os_windows.cpp:3301), pid=9320, tid=12108
#
# JRE version:  (13.0.2+8) (build )
# Java VM: Java HotSpot(TM) 64-Bit Server VM (13.0.2+8, mixed mode, aot, sharing, tiered, compressed oops, g1 gc, windows-amd64)
# No core dump will be written. Minidumps are not enabled by default on client versions of Windows
#

---------------  S U M M A R Y ------------

Command Line: --add-modules=javafx.base,javafx.graphics --add-reads=javafx.base=ALL-UNNAMED --add-reads=javafx.graphics=ALL-UNNAMED -javaagent:C:\Program Files\JetBrains\IntelliJ IDEA Community Edition 2019.3.3\lib\idea_rt.jar=56969:C:\Program Files\JetBrains\IntelliJ IDEA Community Edition 2019.3.3\bin -Dfile.encoding=UTF-8 --module-path=C:\Users\Maxim\.m2\repository\org\openjfx\javafx-base\13\javafx-base-13-win.jar;C:\Users\Maxim\.m2\repository\org\openjfx\javafx-graphics\13\javafx-graphics-13-win.jar;C:\Users\Maxim\IdeaProjects\BattleRoyalRefactored\Game\target\classes;C:\Users\Maxim\.m2\repository\org\openjfx\javafx-controls\13\javafx-controls-13.jar;C:\Users\Maxim\.m2\repository\org\openjfx\javafx-controls\13\javafx-controls-13-win.jar;C:\Users\Maxim\.m2\repository\org\openjfx\javafx-graphics\13\javafx-graphics-13.jar;C:\Users\Maxim\.m2\repository\org\openjfx\javafx-base\13\javafx-base-13.jar;C:\Users\Maxim\.m2\repository\org\openjfx\javafx-archetype-fxml\0.0.6\javafx-archetype-fxml-0.0.6.jar;C:\Users\Maxim\.m2\repository\org\openjfx\javafx-fxml\18.0.1\javafx-fxml-18.0.1.jar;C:\Users\Maxim\.m2\repository\org\openjfx\javafx-fxml\18.0.1\javafx-fxml-18.0.1-win.jar;C:\Users\Maxim\IdeaProjects\BattleRoyalRefactored\out\production\Core -Djdk.module.main=game game/game.App

Host: Intel(R) Core(TM) i5-9300H CPU @ 2.40GHz, 8 cores, 7G,  Windows 10 , 64 bit Build 19041 (10.0.19041.1645)
Time: Thu May  5 21:39:46 2022 RTZ 6 (зима) elapsed time: 0 seconds (0d 0h 0m 0s)

---------------  T H R E A D  ---------------

Current thread (0x000002ee12dbd800):  JavaThread "Unknown thread" [_thread_in_vm, id=12108, stack(0x000000fb4ff00000,0x000000fb50000000)]

Stack: [0x000000fb4ff00000,0x000000fb50000000]
Native frames: (J=compiled Java code, j=interpreted, Vv=VM code, C=native code)
V  [jvm.dll+0x624f9a]
V  [jvm.dll+0x770cfa]
V  [jvm.dll+0x7724af]
V  [jvm.dll+0x772ab3]
V  [jvm.dll+0x24bf08]
V  [jvm.dll+0x6222aa]
V  [jvm.dll+0x6170b5]
V  [jvm.dll+0x30a88c]
V  [jvm.dll+0x30a6c2]
V  [jvm.dll+0x30fe36]
V  [jvm.dll+0x353f46]
V  [jvm.dll+0x353720]
V  [jvm.dll+0x2e550a]
V  [jvm.dll+0x2e67a2]
V  [jvm.dll+0x74dd78]
V  [jvm.dll+0x361989]
V  [jvm.dll+0x730e65]
V  [jvm.dll+0x3cc53f]
V  [jvm.dll+0x3ce861]
C  [jli.dll+0x51ff]
C  [ucrtbase.dll+0x21bb2]
C  [KERNEL32.DLL+0x17034]
C  [ntdll.dll+0x52651]


---------------  P R O C E S S  ---------------

Threads class SMR info:
_java_thread_list=0x00007ffaa48cccb8, length=0, elements={
}

Java Threads: ( => current thread )

Other Threads:
  0x000002ee12e00800 GCTaskThread "GC Thread#0" [stack: 0x000000fb50000000,0x000000fb50100000] [id=5648]
  0x000002ee12e15000 ConcurrentGCThread "G1 Main Marker" [stack: 0x000000fb50100000,0x000000fb50200000] [id=1476]
  0x000002ee12e17000 ConcurrentGCThread "G1 Conc#0" [stack: 0x000000fb50200000,0x000000fb50300000] [id=11440]

[error occurred during error reporting (printing all threads), id 0xc0000005, EXCEPTION_ACCESS_VIOLATION (0xc0000005) at pc=0x00007ffaa41051d7]

VM state:not at safepoint (not fully initialized)

VM Mutex/Monitor currently owned by a thread:  ([mutex/lock_event])
[0x000002ee12db9920] Heap_lock - owner thread: 0x000002ee12dbd800

Heap address: 0x0000000081c00000, size: 2020 MB, Compressed Oops mode: Non-zero based: 0x0000000081c00000
Narrow klass base: 0x0000000000000000, Narrow klass shift: 0

GC Heap History (0 events):
No events

Deoptimization events (0 events):
No events

Classes unloaded (0 events):
No events

Classes redefined (0 events):
No events

Internal exceptions (0 events):
No events

Events (8 events):
Event: 0.007 Loaded shared library C:\Program Files\Java\jdk-13.0.2\bin\zip.dll
Event: 0.007 Loaded shared library C:\Program Files\Java\jdk-13.0.2\bin\jimage.dll
Event: 0.008 Loading shared library C:\Program Files\Java\jdk-13.0.2\lib\libjava.base-coop.dll failed, error code 126
Event: 0.008 Loading shared library C:\Program Files\Java\jdk-13.0.2\lib\libjava.logging-coop.dll failed, error code 126
Event: 0.008 Loading shared library C:\Program Files\Java\jdk-13.0.2\lib\libjdk.compiler-coop.dll failed, error code 126
Event: 0.008 Loading shared library C:\Program Files\Java\jdk-13.0.2\lib\libjdk.scripting.nashorn-coop.dll failed, error code 126
Event: 0.008 Loading shared library C:\Program Files\Java\jdk-13.0.2\lib\libjdk.internal.vm.ci-coop.dll failed, error code 126
Event: 0.008 Loading shared library C:\Program Files\Java\jdk-13.0.2\lib\libjdk.internal.vm.compiler-coop.dll failed, error code 126


Dynamic libraries:
0x00007ff6be270000 - 0x00007ff6be27f000 	C:\Program Files\Java\jdk-13.0.2\bin\java.exe
0x00007ffaf0bb0000 - 0x00007ffaf0da5000 	C:\WINDOWS\SYSTEM32\ntdll.dll
0x00007ffaf0320000 - 0x00007ffaf03de000 	C:\WINDOWS\System32\KERNEL32.DLL
0x00007ffaee6a0000 - 0x00007ffaee968000 	C:\WINDOWS\System32\KERNELBASE.dll
0x00007ffaee470000 - 0x00007ffaee570000 	C:\WINDOWS\System32\ucrtbase.dll
0x00007ffadb050000 - 0x00007ffadb068000 	C:\Program Files\Java\jdk-13.0.2\bin\jli.dll
0x00007ffaf0510000 - 0x00007ffaf05be000 	C:\WINDOWS\System32\ADVAPI32.dll
0x00007ffae2e30000 - 0x00007ffae2e45000 	C:\Program Files\Java\jdk-13.0.2\bin\VCRUNTIME140.dll
0x00007ffaf01d0000 - 0x00007ffaf026e000 	C:\WINDOWS\System32\msvcrt.dll
0x00007ffaf0050000 - 0x00007ffaf00ec000 	C:\WINDOWS\System32\sechost.dll
0x00007ffaeec40000 - 0x00007ffaeed65000 	C:\WINDOWS\System32\RPCRT4.dll
0x00007ffaef730000 - 0x00007ffaef8d0000 	C:\WINDOWS\System32\USER32.dll
0x00007ffad2490000 - 0x00007ffad272a000 	C:\WINDOWS\WinSxS\amd64_microsoft.windows.common-controls_6595b64144ccf1df_6.0.19041.1110_none_60b5254171f9507e\COMCTL32.dll
0x00007ffaee5c0000 - 0x00007ffaee5e2000 	C:\WINDOWS\System32\win32u.dll
0x00007ffaf0020000 - 0x00007ffaf004a000 	C:\WINDOWS\System32\GDI32.dll
0x00007ffaee970000 - 0x00007ffaeea7b000 	C:\WINDOWS\System32\gdi32full.dll
0x00007ffaee2a0000 - 0x00007ffaee33d000 	C:\WINDOWS\System32\msvcp_win.dll
0x00007ffae5b90000 - 0x00007ffae5b9a000 	C:\WINDOWS\SYSTEM32\VERSION.dll
0x00007ffaf02f0000 - 0x00007ffaf0320000 	C:\WINDOWS\System32\IMM32.DLL
0x00007ffac2aa0000 - 0x00007ffac2b3b000 	C:\Program Files\Java\jdk-13.0.2\bin\msvcp140.dll
0x00007ffaa3e10000 - 0x00007ffaa496d000 	C:\Program Files\Java\jdk-13.0.2\bin\server\jvm.dll
0x00007ffaf07d0000 - 0x00007ffaf07d8000 	C:\WINDOWS\System32\PSAPI.DLL
0x00007ffae8320000 - 0x00007ffae8329000 	C:\WINDOWS\SYSTEM32\WSOCK32.dll
0x00007ffae8350000 - 0x00007ffae8377000 	C:\WINDOWS\SYSTEM32\WINMM.dll
0x00007ffaf00f0000 - 0x00007ffaf015b000 	C:\WINDOWS\System32\WS2_32.dll
0x00007ffaecb50000 - 0x00007ffaecb62000 	C:\WINDOWS\SYSTEM32\kernel.appcore.dll
0x00007ffae8340000 - 0x00007ffae8350000 	C:\Program Files\Java\jdk-13.0.2\bin\verify.dll
0x00007ffaebf70000 - 0x00007ffaec154000 	C:\WINDOWS\SYSTEM32\DBGHELP.DLL
0x00007ffad6dd0000 - 0x00007ffad6dfc000 	C:\WINDOWS\SYSTEM32\dbgcore.DLL
0x00007ffaee3e0000 - 0x00007ffaee462000 	C:\WINDOWS\System32\bcryptPrimitives.dll
0x00007ffad9f40000 - 0x00007ffad9f66000 	C:\Program Files\Java\jdk-13.0.2\bin\java.dll
0x00007ffae0d90000 - 0x00007ffae0d9e000 	C:\Program Files\Java\jdk-13.0.2\bin\instrument.dll
0x00007ffad90c0000 - 0x00007ffad90d7000 	C:\Program Files\Java\jdk-13.0.2\bin\zip.dll
0x00007ffae3390000 - 0x00007ffae339a000 	C:\Program Files\Java\jdk-13.0.2\bin\jimage.dll

dbghelp: loaded successfully - version: 4.0.5 - missing functions: none
symbol engine: initialized successfully - sym options: 0x614 - pdb path: .;C:\Program Files\Java\jdk-13.0.2\bin;C:\WINDOWS\SYSTEM32;C:\WINDOWS\WinSxS\amd64_microsoft.windows.common-controls_6595b64144ccf1df_6.0.19041.1110_none_60b5254171f9507e;C:\Program Files\Java\jdk-13.0.2\bin\server

VM Arguments:
jvm_args: --add-modules=javafx.base,javafx.graphics --add-reads=javafx.base=ALL-UNNAMED --add-reads=javafx.graphics=ALL-UNNAMED -javaagent:C:\Program Files\JetBrains\IntelliJ IDEA Community Edition 2019.3.3\lib\idea_rt.jar=56969:C:\Program Files\JetBrains\IntelliJ IDEA Community Edition 2019.3.3\bin -Dfile.encoding=UTF-8 --module-path=C:\Users\Maxim\.m2\repository\org\openjfx\javafx-base\13\javafx-base-13-win.jar;C:\Users\Maxim\.m2\repository\org\openjfx\javafx-graphics\13\javafx-graphics-13-win.jar;C:\Users\Maxim\IdeaProjects\BattleRoyalRefactored\Game\target\classes;C:\Users\Maxim\.m2\repository\org\openjfx\javafx-controls\13\javafx-controls-13.jar;C:\Users\Maxim\.m2\repository\org\openjfx\javafx-controls\13\javafx-controls-13-win.jar;C:\Users\Maxim\.m2\repository\org\openjfx\javafx-graphics\13\javafx-graphics-13.jar;C:\Users\Maxim\.m2\repository\org\openjfx\javafx-base\13\javafx-base-13.jar;C:\Users\Maxim\.m2\repository\org\openjfx\javafx-archetype-fxml\0.0.6\javafx-archetype-fxml-0.0.6.jar;C:\Users\Maxim\.m2\repository\org\openjfx\javafx-fxml\18.0.1\javafx-fxml-18.0.1.jar;C:\Users\Maxim\.m2\repository\org\openjfx\javafx-fxml\18.0.1\javafx-fxml-18.0.1-win.jar;C:\Users\Maxim\IdeaProjects\BattleRoyalRefactored\out\production\Core -Djdk.module.main=game 
java_command: game/game.App
java_class_path (initial): <not set>
Launcher Type: SUN_STANDARD

[Global flags]
     intx CICompilerCount                          = 4                                         {product} {ergonomic}
     uint ConcGCThreads                            = 2                                         {product} {ergonomic}
     uint G1ConcRefinementThreads                  = 8                                         {product} {ergonomic}
   size_t G1HeapRegionSize                         = 1048576                                   {product} {ergonomic}
    uintx GCDrainStackTargetSize                   = 64                                        {product} {ergonomic}
   size_t InitialHeapSize                          = 134217728                                 {product} {ergonomic}
   size_t MarkStackSize                            = 4194304                                   {product} {ergonomic}
   size_t MaxHeapSize                              = 2118123520                                {product} {ergonomic}
   size_t MinHeapDeltaBytes                        = 1048576                                   {product} {ergonomic}
   size_t MinHeapSize                              = 8388608                                   {product} {ergonomic}
    uintx NonNMethodCodeHeapSize                   = 5839372                                {pd product} {ergonomic}
    uintx NonProfiledCodeHeapSize                  = 122909434                              {pd product} {ergonomic}
    uintx ProfiledCodeHeapSize                     = 122909434                              {pd product} {ergonomic}
    uintx ReservedCodeCacheSize                    = 251658240                              {pd product} {ergonomic}
     bool SegmentedCodeCache                       = true                                      {product} {ergonomic}
   size_t SoftMaxHeapSize                          = 2118123520                             {manageable} {ergonomic}
     bool UseCompressedClassPointers               = true                                 {lp64_product} {ergonomic}
     bool UseCompressedOops                        = true                                 {lp64_product} {ergonomic}
     bool UseG1GC                                  = true                                      {product} {ergonomic}
     bool UseLargePagesIndividualAllocation        = false                                  {pd product} {ergonomic}

Logging:
Log output configuration:
 #0: stdout all=warning uptime,level,tags
 #1: stderr all=off uptime,level,tags

Environment Variables:
PATH=C:\Program Files (x86)\Embarcadero\Studio\21.0\bin;C:\Users\Public\Documents\Embarcadero\Studio\21.0\Bpl;C:\Program Files (x86)\Embarcadero\Studio\21.0\bin64;C:\Users\Public\Documents\Embarcadero\Studio\21.0\Bpl\Win64;C:\Program Files\Microsoft MPI\Bin\;C:\WINDOWS\system32;C:\WINDOWS;C:\WINDOWS\System32\Wbem;C:\WINDOWS\System32\WindowsPowerShell\v1.0\;C:\WINDOWS\System32\OpenSSH\;C:\Program Files (x86)\QuickTime\QTSystem\;C:\Program Files (x86)\Microsoft SQL Server\150\DTS\Binn\;C:\Program Files\dotnet\;C:\Program Files\Microsoft SQL Server\130\Tools\Binn\;C:\Program Files\Git\cmd;C:\Program Files\Conan\conan;C:\Users\Maxim\AppData\Local\Microsoft\WindowsApps;C:\Users\Maxim\.dotnet\tools;C:\Users\Администратор\AppData\Local\GitHubDesktop\bin;C:\Program Files\CMake\bin
USERNAME=Maxim
OS=Windows_NT
PROCESSOR_IDENTIFIER=Intel64 Family 6 Model 158 Stepping 10, GenuineIntel



---------------  S Y S T E M  ---------------

OS: Windows 10 , 64 bit Build 19041 (10.0.19041.1645)

CPU:total 8 (initial active 8) (4 cores per cpu, 2 threads per core) family 6 model 158 stepping 10, cmov, cx8, fxsr, mmx, sse, sse2, sse3, ssse3, sse4.1, sse4.2, popcnt, avx, avx2, aes, clmul, erms, 3dnowpref, lzcnt, ht, tsc, tscinvbit, bmi1, bmi2, adx, fma

Memory: 4k page, system-wide physical 8072M (1463M free)
TotalPageFile size 11144M (AvailPageFile size 127M)
current process WorkingSet (physical memory assigned to process): 10M, peak: 10M
current process commit charge ("private bytes"): 60M, peak: 188M

vm_info: Java HotSpot(TM) 64-Bit Server VM (13.0.2+8) for windows-amd64 JRE (13.0.2+8), built on Dec 11 2019 09:20:33 by "mach5one" with unknown MS VC++:1916

END.
