#
# There is insufficient memory for the Java Runtime Environment to continue.
# Native memory allocation (malloc) failed to allocate 1048576 bytes for AllocateHeap
# Possible reasons:
#   The system is out of physical RAM or swap space
#   The process is running with CompressedOops enabled, and the Java Heap may be blocking the growth of the native heap
# Possible solutions:
#   Reduce memory load on the system
#   Increase physical memory or swap space
#   Check if swap backing store is full
#   Decrease Java heap size (-Xmx/-Xms)
#   Decrease number of Java threads
#   Decrease Java thread stack sizes (-Xss)
#   Set larger code cache with -XX:ReservedCodeCacheSize=
#   JVM is running with Unscaled Compressed Oops mode in which the Java heap is
#     placed in the first 4GB address space. The Java Heap base address is the
#     maximum limit for the native heap growth. Please use -XX:HeapBaseMinAddress
#     to set the Java Heap base and to place the Java Heap above 4GB virtual address.
# This output file may be truncated or incomplete.
#
#  Out of Memory Error (t:/workspace/open/src/hotspot/share/memory/allocation.cpp:45), pid=4588, tid=6604
#
# JRE version: Java(TM) SE Runtime Environment (13.0.2+8) (build 13.0.2+8)
# Java VM: Java HotSpot(TM) 64-Bit Server VM (13.0.2+8, mixed mode, sharing, tiered, compressed oops, g1 gc, windows-amd64)
# No core dump will be written. Minidumps are not enabled by default on client versions of Windows
#

---------------  S U M M A R Y ------------

Command Line: --add-modules=javafx.base,javafx.graphics --add-reads=javafx.base=ALL-UNNAMED --add-reads=javafx.graphics=ALL-UNNAMED -javaagent:C:\Program Files\JetBrains\IntelliJ IDEA Community Edition 2019.3.3\lib\idea_rt.jar=64463:C:\Program Files\JetBrains\IntelliJ IDEA Community Edition 2019.3.3\bin -Dfile.encoding=UTF-8 --module-path=C:\Users\Maxim\.m2\repository\org\openjfx\javafx-base\13\javafx-base-13-win.jar;C:\Users\Maxim\.m2\repository\org\openjfx\javafx-graphics\13\javafx-graphics-13-win.jar;C:\Users\Maxim\IdeaProjects\BattleRoyalRefactored\Game\target\classes;C:\Users\Maxim\.m2\repository\org\openjfx\javafx-controls\13\javafx-controls-13.jar;C:\Users\Maxim\.m2\repository\org\openjfx\javafx-controls\13\javafx-controls-13-win.jar;C:\Users\Maxim\.m2\repository\org\openjfx\javafx-graphics\13\javafx-graphics-13.jar;C:\Users\Maxim\.m2\repository\org\openjfx\javafx-base\13\javafx-base-13.jar;C:\Users\Maxim\.m2\repository\org\openjfx\javafx-archetype-fxml\0.0.6\javafx-archetype-fxml-0.0.6.jar;C:\Users\Maxim\.m2\repository\org\openjfx\javafx-fxml\18.0.1\javafx-fxml-18.0.1.jar;C:\Users\Maxim\.m2\repository\org\openjfx\javafx-fxml\18.0.1\javafx-fxml-18.0.1-win.jar;C:\Users\Maxim\IdeaProjects\BattleRoyalRefactored\out\production\Core -Djdk.module.main=game game/game.App

Host: Intel(R) Core(TM) i5-9300H CPU @ 2.40GHz, 8 cores, 7G,  Windows 10 , 64 bit Build 19041 (10.0.19041.1706)
Time: Sat May 14 16:21:05 2022 RTZ 6 (зима) elapsed time: 0 seconds (0d 0h 0m 0s)

---------------  T H R E A D  ---------------

Current thread (0x000001ffdeec9800):  VMThread "VM Thread" [stack: 0x00000011f3500000,0x00000011f3600000] [id=6604]

Stack: [0x00000011f3500000,0x00000011f3600000]
[error occurred during error reporting (printing stack bounds), id 0xc0000005, EXCEPTION_ACCESS_VIOLATION (0xc0000005) at pc=0x000001ffc84c10ad]

Native frames: (J=compiled Java code, j=interpreted, Vv=VM code, C=native code)
V  [jvm.dll+0x624f9a]
V  [jvm.dll+0x770cfa]
V  [jvm.dll+0x7724af]
V  [jvm.dll+0x772a15]
V  [jvm.dll+0x7729cb]
V  [jvm.dll+0x6244df]
C  [ntdll.dll+0x78a3c]
C  [ntdll.dll+0x51276]
C  [ntdll.dll+0xa0bce]
C  0x000001ffc84c10ad

VM_Operation (0x00000011f43f8610): CollectForMetadataAllocation, mode: safepoint, requested by thread 0x000001ffe007a000


---------------  P R O C E S S  ---------------

Threads class SMR info:
_java_thread_list=0x000001ffe0146930, length=16, elements={
0x000001ffbffad800, 0x000001ffdeecb000, 0x000001ffdeecf800, 0x000001ffdeef1800,
0x000001ffdeef4000, 0x000001ffdef01000, 0x000001ffdef0b000, 0x000001ffdef2e000,
0x000001ffdeeb3800, 0x000001ffdfee1000, 0x000001ffdf9c5000, 0x000001ffdf9cd000,
0x000001ffe004e000, 0x000001ffe007a000, 0x000001ffe0165000, 0x000001ffe0061800
}

Java Threads: ( => current thread )
  0x000001ffbffad800 JavaThread "main" [_thread_blocked, id=2744, stack(0x00000011f2f00000,0x00000011f3000000)]
  0x000001ffdeecb000 JavaThread "Reference Handler" daemon [_thread_blocked, id=15296, stack(0x00000011f3600000,0x00000011f3700000)]
  0x000001ffdeecf800 JavaThread "Finalizer" daemon [_thread_blocked, id=13344, stack(0x00000011f3700000,0x00000011f3800000)]
  0x000001ffdeef1800 JavaThread "Signal Dispatcher" daemon [_thread_blocked, id=10196, stack(0x00000011f3800000,0x00000011f3900000)]
  0x000001ffdeef4000 JavaThread "Attach Listener" daemon [_thread_blocked, id=6804, stack(0x00000011f3900000,0x00000011f3a00000)]
  0x000001ffdef01000 JavaThread "C2 CompilerThread0" daemon [_thread_blocked, id=11804, stack(0x00000011f3a00000,0x00000011f3b00000)]
  0x000001ffdef0b000 JavaThread "C1 CompilerThread0" daemon [_thread_blocked, id=12392, stack(0x00000011f3b00000,0x00000011f3c00000)]
  0x000001ffdef2e000 JavaThread "Sweeper thread" daemon [_thread_blocked, id=12852, stack(0x00000011f3c00000,0x00000011f3d00000)]
  0x000001ffdeeb3800 JavaThread "Common-Cleaner" daemon [_thread_blocked, id=16708, stack(0x00000011f3d00000,0x00000011f3e00000)]
  0x000001ffdfee1000 JavaThread "Monitor Ctrl-Break" daemon [_thread_in_native, id=17400, stack(0x00000011f4000000,0x00000011f4100000)]
  0x000001ffdf9c5000 JavaThread "Service Thread" daemon [_thread_blocked, id=14276, stack(0x00000011f4100000,0x00000011f4200000)]
  0x000001ffdf9cd000 JavaThread "QuantumRenderer-0" daemon [_thread_blocked, id=8560, stack(0x00000011f3e00000,0x00000011f3f00000)]
  0x000001ffe004e000 JavaThread "InvokeLaterDispatcher" daemon [_thread_blocked, id=13252, stack(0x00000011f3f00000,0x00000011f4000000)]
  0x000001ffe007a000 JavaThread "JavaFX Application Thread" [_thread_blocked, id=16204, stack(0x00000011f4300000,0x00000011f4400000)]
  0x000001ffe0165000 JavaThread "JavaFX-Launcher" [_thread_blocked, id=17372, stack(0x00000011f4500000,0x00000011f4600000)]
  0x000001ffe0061800 JavaThread "Thread-2" daemon [_thread_blocked, id=15552, stack(0x00000011f4400000,0x00000011f4500000)]

Other Threads:
=>0x000001ffdeec9800 VMThread "VM Thread" [stack: 0x00000011f3500000,0x00000011f3600000] [id=6604]
  0x000001ffdfdde800 WatcherThread [stack: 0x00000011f4200000,0x00000011f4300000] [id=10708]
  0x000001ffbfff1000 GCTaskThread "GC Thread#0" [stack: 0x00000011f3000000,0x00000011f3100000] [id=4944]
  0x000001ffe0067800 GCTaskThread "GC Thread#1" [stack: 0x00000011f4600000,0x00000011f4700000] [id=11808]
  0x000001ffe0190000 GCTaskThread "GC Thread#2" [stack: 0x00000011f4700000,0x00000011f4800000] [id=1172]
  0x000001ffe0191000 GCTaskThread "GC Thread#3" [stack: 0x00000011f4800000,0x00000011f4900000] [id=14376]
  0x000001ffe00c7800 GCTaskThread "GC Thread#4" [stack: 0x00000011f4900000,0x00000011f4a00000] [id=16024]
  0x000001ffe00c8000 GCTaskThread "GC Thread#5" [stack: 0x00000011f4a00000,0x00000011f4b00000] [id=14456]
  0x000001ffc0002000 ConcurrentGCThread "G1 Main Marker" [stack: 0x00000011f3100000,0x00000011f3200000] [id=2076]
  0x000001ffc0006000 ConcurrentGCThread "G1 Conc#0" [stack: 0x00000011f3200000,0x00000011f3300000] [id=10592]
  0x000001ffe0226800 ConcurrentGCThread "G1 Conc#1" [stack: 0x00000011f4b00000,0x00000011f4c00000] [id=15648]
  0x000001ffded4a800 ConcurrentGCThread "G1 Refine#0" [stack: 0x00000011f3300000,0x00000011f3400000] [id=16392]
  0x000001ffded4c000 ConcurrentGCThread "G1 Young RemSet Sampling" [stack: 0x00000011f3400000,0x00000011f3500000] [id=12944]

Threads with active compile tasks:
C2 CompilerThread0      667 1025       4       jdk.internal.org.objectweb.asm.SymbolTable::addConstantUtf8 (98 bytes)

VM state:at safepoint (normal execution)

VM Mutex/Monitor currently owned by a thread:  ([mutex/lock_event])
[0x000001ffbffa96d0] Threads_lock - owner thread: 0x000001ffdeec9800
[0x000001ffbffa9c70] Heap_lock - owner thread: 0x000001ffe007a000

Heap address: 0x0000000081c00000, size: 2020 MB, Compressed Oops mode: 32-bit
Narrow klass base: 0x0000000800000000, Narrow klass shift: 3
Compressed class space size: 1073741824 Address: 0x0000000800b40000

Heap:
 garbage-first heap   total 131072K, used 2906K [0x0000000081c00000, 0x0000000100000000)
  region size 1024K, 3 young (3072K), 3 survivors (3072K)
 Metaspace       used 7715K, capacity 9043K, committed 9088K, reserved 1056768K
  class space    used 972K, capacity 1152K, committed 1152K, reserved 1048576K
Heap Regions: E=young(eden), S=young(survivor), O=old, HS=humongous(starts), HC=humongous(continues), CS=collection set, F=free, A=archive, TAMS=top-at-mark-start (previous, next)
|   0|0x0000000081c00000, 0x0000000081c00000, 0x0000000081d00000|  0%| F|  |TAMS 0x0000000081c00000, 0x0000000081c00000| Untracked 
|   1|0x0000000081d00000, 0x0000000081d00000, 0x0000000081e00000|  0%| F|  |TAMS 0x0000000081d00000, 0x0000000081d00000| Untracked 
|   2|0x0000000081e00000, 0x0000000081e00000, 0x0000000081f00000|  0%| F|  |TAMS 0x0000000081e00000, 0x0000000081e00000| Untracked 
|   3|0x0000000081f00000, 0x0000000081f00000, 0x0000000082000000|  0%| F|  |TAMS 0x0000000081f00000, 0x0000000081f00000| Untracked 
|   4|0x0000000082000000, 0x0000000082000000, 0x0000000082100000|  0%| F|  |TAMS 0x0000000082000000, 0x0000000082000000| Untracked 
|   5|0x0000000082100000, 0x0000000082100000, 0x0000000082200000|  0%| F|  |TAMS 0x0000000082100000, 0x0000000082100000| Untracked 
|   6|0x0000000082200000, 0x0000000082200000, 0x0000000082300000|  0%| F|  |TAMS 0x0000000082200000, 0x0000000082200000| Untracked 
|   7|0x0000000082300000, 0x0000000082300000, 0x0000000082400000|  0%| F|  |TAMS 0x0000000082300000, 0x0000000082300000| Untracked 
|   8|0x0000000082400000, 0x0000000082400000, 0x0000000082500000|  0%| F|  |TAMS 0x0000000082400000, 0x0000000082400000| Untracked 
|   9|0x0000000082500000, 0x0000000082500000, 0x0000000082600000|  0%| F|  |TAMS 0x0000000082500000, 0x0000000082500000| Untracked 
|  10|0x0000000082600000, 0x0000000082600000, 0x0000000082700000|  0%| F|  |TAMS 0x0000000082600000, 0x0000000082600000| Untracked 
|  11|0x0000000082700000, 0x0000000082700000, 0x0000000082800000|  0%| F|  |TAMS 0x0000000082700000, 0x0000000082700000| Untracked 
|  12|0x0000000082800000, 0x0000000082800000, 0x0000000082900000|  0%| F|  |TAMS 0x0000000082800000, 0x0000000082800000| Untracked 
|  13|0x0000000082900000, 0x0000000082900000, 0x0000000082a00000|  0%| F|  |TAMS 0x0000000082900000, 0x0000000082900000| Untracked 
|  14|0x0000000082a00000, 0x0000000082a00000, 0x0000000082b00000|  0%| F|  |TAMS 0x0000000082a00000, 0x0000000082a00000| Untracked 
|  15|0x0000000082b00000, 0x0000000082b00000, 0x0000000082c00000|  0%| F|  |TAMS 0x0000000082b00000, 0x0000000082b00000| Untracked 
|  16|0x0000000082c00000, 0x0000000082c00000, 0x0000000082d00000|  0%| F|  |TAMS 0x0000000082c00000, 0x0000000082c00000| Untracked 
|  17|0x0000000082d00000, 0x0000000082d00000, 0x0000000082e00000|  0%| F|  |TAMS 0x0000000082d00000, 0x0000000082d00000| Untracked 
|  18|0x0000000082e00000, 0x0000000082e00000, 0x0000000082f00000|  0%| F|  |TAMS 0x0000000082e00000, 0x0000000082e00000| Untracked 
|  19|0x0000000082f00000, 0x0000000082f00000, 0x0000000083000000|  0%| F|  |TAMS 0x0000000082f00000, 0x0000000082f00000| Untracked 
|  20|0x0000000083000000, 0x0000000083000000, 0x0000000083100000|  0%| F|  |TAMS 0x0000000083000000, 0x0000000083000000| Untracked 
|  21|0x0000000083100000, 0x0000000083100000, 0x0000000083200000|  0%| F|  |TAMS 0x0000000083100000, 0x0000000083100000| Untracked 
|  22|0x0000000083200000, 0x0000000083200000, 0x0000000083300000|  0%| F|  |TAMS 0x0000000083200000, 0x0000000083200000| Untracked 
|  23|0x0000000083300000, 0x0000000083300000, 0x0000000083400000|  0%| F|  |TAMS 0x0000000083300000, 0x0000000083300000| Untracked 
|  24|0x0000000083400000, 0x0000000083400000, 0x0000000083500000|  0%| F|  |TAMS 0x0000000083400000, 0x0000000083400000| Untracked 
|  25|0x0000000083500000, 0x0000000083500000, 0x0000000083600000|  0%| F|  |TAMS 0x0000000083500000, 0x0000000083500000| Untracked 
|  26|0x0000000083600000, 0x0000000083600000, 0x0000000083700000|  0%| F|  |TAMS 0x0000000083600000, 0x0000000083600000| Untracked 
|  27|0x0000000083700000, 0x0000000083700000, 0x0000000083800000|  0%| F|  |TAMS 0x0000000083700000, 0x0000000083700000| Untracked 
|  28|0x0000000083800000, 0x0000000083800000, 0x0000000083900000|  0%| F|  |TAMS 0x0000000083800000, 0x0000000083800000| Untracked 
|  29|0x0000000083900000, 0x0000000083900000, 0x0000000083a00000|  0%| F|  |TAMS 0x0000000083900000, 0x0000000083900000| Untracked 
|  30|0x0000000083a00000, 0x0000000083a00000, 0x0000000083b00000|  0%| F|  |TAMS 0x0000000083a00000, 0x0000000083a00000| Untracked 
|  31|0x0000000083b00000, 0x0000000083b00000, 0x0000000083c00000|  0%| F|  |TAMS 0x0000000083b00000, 0x0000000083b00000| Untracked 
|  32|0x0000000083c00000, 0x0000000083c00000, 0x0000000083d00000|  0%| F|  |TAMS 0x0000000083c00000, 0x0000000083c00000| Untracked 
|  33|0x0000000083d00000, 0x0000000083d00000, 0x0000000083e00000|  0%| F|  |TAMS 0x0000000083d00000, 0x0000000083d00000| Untracked 
|  34|0x0000000083e00000, 0x0000000083e00000, 0x0000000083f00000|  0%| F|  |TAMS 0x0000000083e00000, 0x0000000083e00000| Untracked 
|  35|0x0000000083f00000, 0x0000000083f00000, 0x0000000084000000|  0%| F|  |TAMS 0x0000000083f00000, 0x0000000083f00000| Untracked 
|  36|0x0000000084000000, 0x0000000084000000, 0x0000000084100000|  0%| F|  |TAMS 0x0000000084000000, 0x0000000084000000| Untracked 
|  37|0x0000000084100000, 0x0000000084100000, 0x0000000084200000|  0%| F|  |TAMS 0x0000000084100000, 0x0000000084100000| Untracked 
|  38|0x0000000084200000, 0x0000000084200000, 0x0000000084300000|  0%| F|  |TAMS 0x0000000084200000, 0x0000000084200000| Untracked 
|  39|0x0000000084300000, 0x0000000084300000, 0x0000000084400000|  0%| F|  |TAMS 0x0000000084300000, 0x0000000084300000| Untracked 
|  40|0x0000000084400000, 0x0000000084400000, 0x0000000084500000|  0%| F|  |TAMS 0x0000000084400000, 0x0000000084400000| Untracked 
|  41|0x0000000084500000, 0x0000000084500000, 0x0000000084600000|  0%| F|  |TAMS 0x0000000084500000, 0x0000000084500000| Untracked 
|  42|0x0000000084600000, 0x0000000084600000, 0x0000000084700000|  0%| F|  |TAMS 0x0000000084600000, 0x0000000084600000| Untracked 
|  43|0x0000000084700000, 0x0000000084700000, 0x0000000084800000|  0%| F|  |TAMS 0x0000000084700000, 0x0000000084700000| Untracked 
|  44|0x0000000084800000, 0x0000000084800000, 0x0000000084900000|  0%| F|  |TAMS 0x0000000084800000, 0x0000000084800000| Untracked 
|  45|0x0000000084900000, 0x0000000084900000, 0x0000000084a00000|  0%| F|  |TAMS 0x0000000084900000, 0x0000000084900000| Untracked 
|  46|0x0000000084a00000, 0x0000000084a00000, 0x0000000084b00000|  0%| F|  |TAMS 0x0000000084a00000, 0x0000000084a00000| Untracked 
|  47|0x0000000084b00000, 0x0000000084b00000, 0x0000000084c00000|  0%| F|  |TAMS 0x0000000084b00000, 0x0000000084b00000| Untracked 
|  48|0x0000000084c00000, 0x0000000084c00000, 0x0000000084d00000|  0%| F|  |TAMS 0x0000000084c00000, 0x0000000084c00000| Untracked 
|  49|0x0000000084d00000, 0x0000000084d00000, 0x0000000084e00000|  0%| F|  |TAMS 0x0000000084d00000, 0x0000000084d00000| Untracked 
|  50|0x0000000084e00000, 0x0000000084e00000, 0x0000000084f00000|  0%| F|  |TAMS 0x0000000084e00000, 0x0000000084e00000| Untracked 
|  51|0x0000000084f00000, 0x0000000084f00000, 0x0000000085000000|  0%| F|  |TAMS 0x0000000084f00000, 0x0000000084f00000| Untracked 
|  52|0x0000000085000000, 0x0000000085000000, 0x0000000085100000|  0%| F|  |TAMS 0x0000000085000000, 0x0000000085000000| Untracked 
|  53|0x0000000085100000, 0x0000000085100000, 0x0000000085200000|  0%| F|  |TAMS 0x0000000085100000, 0x0000000085100000| Untracked 
|  54|0x0000000085200000, 0x0000000085200000, 0x0000000085300000|  0%| F|  |TAMS 0x0000000085200000, 0x0000000085200000| Untracked 
|  55|0x0000000085300000, 0x0000000085300000, 0x0000000085400000|  0%| F|  |TAMS 0x0000000085300000, 0x0000000085300000| Untracked 
|  56|0x0000000085400000, 0x0000000085400000, 0x0000000085500000|  0%| F|  |TAMS 0x0000000085400000, 0x0000000085400000| Untracked 
|  57|0x0000000085500000, 0x0000000085500000, 0x0000000085600000|  0%| F|  |TAMS 0x0000000085500000, 0x0000000085500000| Untracked 
|  58|0x0000000085600000, 0x0000000085600000, 0x0000000085700000|  0%| F|  |TAMS 0x0000000085600000, 0x0000000085600000| Untracked 
|  59|0x0000000085700000, 0x0000000085700000, 0x0000000085800000|  0%| F|  |TAMS 0x0000000085700000, 0x0000000085700000| Untracked 
|  60|0x0000000085800000, 0x0000000085800000, 0x0000000085900000|  0%| F|  |TAMS 0x0000000085800000, 0x0000000085800000| Untracked 
|  61|0x0000000085900000, 0x0000000085900000, 0x0000000085a00000|  0%| F|  |TAMS 0x0000000085900000, 0x0000000085900000| Untracked 
|  62|0x0000000085a00000, 0x0000000085a00000, 0x0000000085b00000|  0%| F|  |TAMS 0x0000000085a00000, 0x0000000085a00000| Untracked 
|  63|0x0000000085b00000, 0x0000000085b00000, 0x0000000085c00000|  0%| F|  |TAMS 0x0000000085b00000, 0x0000000085b00000| Untracked 
|  64|0x0000000085c00000, 0x0000000085c00000, 0x0000000085d00000|  0%| F|  |TAMS 0x0000000085c00000, 0x0000000085c00000| Untracked 
|  65|0x0000000085d00000, 0x0000000085d00000, 0x0000000085e00000|  0%| F|  |TAMS 0x0000000085d00000, 0x0000000085d00000| Untracked 
|  66|0x0000000085e00000, 0x0000000085e00000, 0x0000000085f00000|  0%| F|  |TAMS 0x0000000085e00000, 0x0000000085e00000| Untracked 
|  67|0x0000000085f00000, 0x0000000085f00000, 0x0000000086000000|  0%| F|  |TAMS 0x0000000085f00000, 0x0000000085f00000| Untracked 
|  68|0x0000000086000000, 0x0000000086000000, 0x0000000086100000|  0%| F|  |TAMS 0x0000000086000000, 0x0000000086000000| Untracked 
|  69|0x0000000086100000, 0x0000000086100000, 0x0000000086200000|  0%| F|  |TAMS 0x0000000086100000, 0x0000000086100000| Untracked 
|  70|0x0000000086200000, 0x0000000086200000, 0x0000000086300000|  0%| F|  |TAMS 0x0000000086200000, 0x0000000086200000| Untracked 
|  71|0x0000000086300000, 0x0000000086300000, 0x0000000086400000|  0%| F|  |TAMS 0x0000000086300000, 0x0000000086300000| Untracked 
|  72|0x0000000086400000, 0x0000000086400000, 0x0000000086500000|  0%| F|  |TAMS 0x0000000086400000, 0x0000000086400000| Untracked 
|  73|0x0000000086500000, 0x0000000086500000, 0x0000000086600000|  0%| F|  |TAMS 0x0000000086500000, 0x0000000086500000| Untracked 
|  74|0x0000000086600000, 0x0000000086600000, 0x0000000086700000|  0%| F|  |TAMS 0x0000000086600000, 0x0000000086600000| Untracked 
|  75|0x0000000086700000, 0x0000000086700000, 0x0000000086800000|  0%| F|  |TAMS 0x0000000086700000, 0x0000000086700000| Untracked 
|  76|0x0000000086800000, 0x0000000086800000, 0x0000000086900000|  0%| F|  |TAMS 0x0000000086800000, 0x0000000086800000| Untracked 
|  77|0x0000000086900000, 0x0000000086900000, 0x0000000086a00000|  0%| F|  |TAMS 0x0000000086900000, 0x0000000086900000| Untracked 
|  78|0x0000000086a00000, 0x0000000086a00000, 0x0000000086b00000|  0%| F|  |TAMS 0x0000000086a00000, 0x0000000086a00000| Untracked 
|  79|0x0000000086b00000, 0x0000000086b00000, 0x0000000086c00000|  0%| F|  |TAMS 0x0000000086b00000, 0x0000000086b00000| Untracked 
|  80|0x0000000086c00000, 0x0000000086c00000, 0x0000000086d00000|  0%| F|  |TAMS 0x0000000086c00000, 0x0000000086c00000| Untracked 
|  81|0x0000000086d00000, 0x0000000086d00000, 0x0000000086e00000|  0%| F|  |TAMS 0x0000000086d00000, 0x0000000086d00000| Untracked 
|  82|0x0000000086e00000, 0x0000000086e00000, 0x0000000086f00000|  0%| F|  |TAMS 0x0000000086e00000, 0x0000000086e00000| Untracked 
|  83|0x0000000086f00000, 0x0000000086f00000, 0x0000000087000000|  0%| F|  |TAMS 0x0000000086f00000, 0x0000000086f00000| Untracked 
|  84|0x0000000087000000, 0x0000000087000000, 0x0000000087100000|  0%| F|  |TAMS 0x0000000087000000, 0x0000000087000000| Untracked 
|  85|0x0000000087100000, 0x0000000087100000, 0x0000000087200000|  0%| F|  |TAMS 0x0000000087100000, 0x0000000087100000| Untracked 
|  86|0x0000000087200000, 0x0000000087200000, 0x0000000087300000|  0%| F|  |TAMS 0x0000000087200000, 0x0000000087200000| Untracked 
|  87|0x0000000087300000, 0x0000000087300000, 0x0000000087400000|  0%| F|  |TAMS 0x0000000087300000, 0x0000000087300000| Untracked 
|  88|0x0000000087400000, 0x0000000087400000, 0x0000000087500000|  0%| F|  |TAMS 0x0000000087400000, 0x0000000087400000| Untracked 
|  89|0x0000000087500000, 0x0000000087500000, 0x0000000087600000|  0%| F|  |TAMS 0x0000000087500000, 0x0000000087500000| Untracked 
|  90|0x0000000087600000, 0x0000000087600000, 0x0000000087700000|  0%| F|  |TAMS 0x0000000087600000, 0x0000000087600000| Untracked 
|  91|0x0000000087700000, 0x0000000087700000, 0x0000000087800000|  0%| F|  |TAMS 0x0000000087700000, 0x0000000087700000| Untracked 
|  92|0x0000000087800000, 0x0000000087800000, 0x0000000087900000|  0%| F|  |TAMS 0x0000000087800000, 0x0000000087800000| Untracked 
|  93|0x0000000087900000, 0x0000000087900000, 0x0000000087a00000|  0%| F|  |TAMS 0x0000000087900000, 0x0000000087900000| Untracked 
|  94|0x0000000087a00000, 0x0000000087a00000, 0x0000000087b00000|  0%| F|  |TAMS 0x0000000087a00000, 0x0000000087a00000| Untracked 
|  95|0x0000000087b00000, 0x0000000087b00000, 0x0000000087c00000|  0%| F|  |TAMS 0x0000000087b00000, 0x0000000087b00000| Untracked 
|  96|0x0000000087c00000, 0x0000000087c00000, 0x0000000087d00000|  0%| F|  |TAMS 0x0000000087c00000, 0x0000000087c00000| Untracked 
|  97|0x0000000087d00000, 0x0000000087d00000, 0x0000000087e00000|  0%| F|  |TAMS 0x0000000087d00000, 0x0000000087d00000| Untracked 
|  98|0x0000000087e00000, 0x0000000087e00000, 0x0000000087f00000|  0%| F|  |TAMS 0x0000000087e00000, 0x0000000087e00000| Untracked 
|  99|0x0000000087f00000, 0x0000000087f00000, 0x0000000088000000|  0%| F|  |TAMS 0x0000000087f00000, 0x0000000087f00000| Untracked 
| 100|0x0000000088000000, 0x0000000088000000, 0x0000000088100000|  0%| F|  |TAMS 0x0000000088000000, 0x0000000088000000| Untracked 
| 101|0x0000000088100000, 0x0000000088100000, 0x0000000088200000|  0%| F|  |TAMS 0x0000000088100000, 0x0000000088100000| Untracked 
| 102|0x0000000088200000, 0x0000000088200000, 0x0000000088300000|  0%| F|  |TAMS 0x0000000088200000, 0x0000000088200000| Untracked 
| 103|0x0000000088300000, 0x0000000088300000, 0x0000000088400000|  0%| F|  |TAMS 0x0000000088300000, 0x0000000088300000| Untracked 
| 104|0x0000000088400000, 0x0000000088400000, 0x0000000088500000|  0%| F|  |TAMS 0x0000000088400000, 0x0000000088400000| Untracked 
| 105|0x0000000088500000, 0x0000000088500000, 0x0000000088600000|  0%| F|  |TAMS 0x0000000088500000, 0x0000000088500000| Untracked 
| 106|0x0000000088600000, 0x0000000088600000, 0x0000000088700000|  0%| F|  |TAMS 0x0000000088600000, 0x0000000088600000| Untracked 
| 107|0x0000000088700000, 0x0000000088700000, 0x0000000088800000|  0%| F|  |TAMS 0x0000000088700000, 0x0000000088700000| Untracked 
| 108|0x0000000088800000, 0x0000000088800000, 0x0000000088900000|  0%| F|  |TAMS 0x0000000088800000, 0x0000000088800000| Untracked 
| 109|0x0000000088900000, 0x0000000088900000, 0x0000000088a00000|  0%| F|  |TAMS 0x0000000088900000, 0x0000000088900000| Untracked 
| 110|0x0000000088a00000, 0x0000000088a00000, 0x0000000088b00000|  0%| F|  |TAMS 0x0000000088a00000, 0x0000000088a00000| Untracked 
| 111|0x0000000088b00000, 0x0000000088b00000, 0x0000000088c00000|  0%| F|  |TAMS 0x0000000088b00000, 0x0000000088b00000| Untracked 
| 112|0x0000000088c00000, 0x0000000088c00000, 0x0000000088d00000|  0%| F|  |TAMS 0x0000000088c00000, 0x0000000088c00000| Untracked 
| 113|0x0000000088d00000, 0x0000000088d00000, 0x0000000088e00000|  0%| F|  |TAMS 0x0000000088d00000, 0x0000000088d00000| Untracked 
| 114|0x0000000088e00000, 0x0000000088e00000, 0x0000000088f00000|  0%| F|  |TAMS 0x0000000088e00000, 0x0000000088e00000| Untracked 
| 115|0x0000000088f00000, 0x0000000088f00000, 0x0000000089000000|  0%| F|  |TAMS 0x0000000088f00000, 0x0000000088f00000| Untracked 
| 116|0x0000000089000000, 0x0000000089000000, 0x0000000089100000|  0%| F|  |TAMS 0x0000000089000000, 0x0000000089000000| Untracked 
| 117|0x0000000089100000, 0x0000000089100000, 0x0000000089200000|  0%| F|  |TAMS 0x0000000089100000, 0x0000000089100000| Untracked 
| 118|0x0000000089200000, 0x0000000089200000, 0x0000000089300000|  0%| F|  |TAMS 0x0000000089200000, 0x0000000089200000| Untracked 
| 119|0x0000000089300000, 0x0000000089300000, 0x0000000089400000|  0%| F|  |TAMS 0x0000000089300000, 0x0000000089300000| Untracked 
| 120|0x0000000089400000, 0x0000000089400000, 0x0000000089500000|  0%| F|  |TAMS 0x0000000089400000, 0x0000000089400000| Untracked 
| 121|0x0000000089500000, 0x0000000089500000, 0x0000000089600000|  0%| F|  |TAMS 0x0000000089500000, 0x0000000089500000| Untracked 
| 122|0x0000000089600000, 0x00000000896d6a10, 0x0000000089700000| 83%| S|CS|TAMS 0x0000000089600000, 0x0000000089600000| Complete 
| 123|0x0000000089700000, 0x0000000089800000, 0x0000000089800000|100%| S|CS|TAMS 0x0000000089700000, 0x0000000089700000| Complete 
| 124|0x0000000089800000, 0x0000000089900000, 0x0000000089900000|100%| S|CS|TAMS 0x0000000089800000, 0x0000000089800000| Complete 
| 125|0x0000000089900000, 0x0000000089900000, 0x0000000089a00000|  0%| F|  |TAMS 0x0000000089900000, 0x0000000089900000| Untracked 
| 126|0x0000000089a00000, 0x0000000089a00000, 0x0000000089b00000|  0%| F|  |TAMS 0x0000000089a00000, 0x0000000089a00000| Untracked 
| 127|0x0000000089b00000, 0x0000000089b00000, 0x0000000089c00000|  0%| F|  |TAMS 0x0000000089b00000, 0x0000000089b00000| Untracked 

Card table byte_map: [0x000001ffd7d00000,0x000001ffd8100000] _byte_map_base: 0x000001ffd78f2000

Marking Bits (Prev, Next): (CMBitMap*) 0x000001ffbfff1a58, (CMBitMap*) 0x000001ffbfff1a98
 Prev Bits: [0x000001ffd8500000, 0x000001ffda490000)
 Next Bits: [0x000001ffda490000, 0x000001ffdc420000)

Polling page: 0x000001ffbf790000

Metaspace:

Usage:
  Non-class:      7.71 MB capacity,     6.58 MB ( 85%) used,     1.09 MB ( 14%) free+waste,    27.25 KB ( <1%) overhead. 
      Class:      1.13 MB capacity,   972.91 KB ( 84%) used,   164.34 KB ( 14%) free+waste,    14.75 KB (  1%) overhead. 
       Both:      8.83 MB capacity,     7.53 MB ( 85%) used,     1.26 MB ( 14%) free+waste,    42.00 KB ( <1%) overhead. 

Virtual space:
  Non-class space:        8.00 MB reserved,       7.75 MB ( 97%) committed 
      Class space:        1.00 GB reserved,       1.13 MB ( <1%) committed 
             Both:        1.01 GB reserved,       8.88 MB ( <1%) committed 

Chunk freelists:
   Non-Class:  45.00 KB
       Class:  0 bytes
        Both:  45.00 KB

MaxMetaspaceSize: 17179869184.00 GB
CompressedClassSpaceSize: 1.00 GB

CodeHeap 'non-profiled nmethods': size=120000Kb used=341Kb max_used=341Kb free=119659Kb
 bounds [0x000001ffcff90000, 0x000001ffd0200000, 0x000001ffd74c0000]
CodeHeap 'profiled nmethods': size=120000Kb used=1758Kb max_used=1758Kb free=118242Kb
 bounds [0x000001ffc8a60000, 0x000001ffc8cd0000, 0x000001ffcff90000]
CodeHeap 'non-nmethods': size=5760Kb used=1234Kb max_used=1243Kb free=4525Kb
 bounds [0x000001ffc84c0000, 0x000001ffc8730000, 0x000001ffc8a60000]
 total_blobs=2029 nmethods=1024 adapters=412
 compilation: enabled
              stopped_count=0, restarted_count=0
 full_count=0

Compilation events (20 events):
Event: 0.618 Thread 0x000001ffdef0b000 1017       3       jdk.internal.org.objectweb.asm.Frame::push (63 bytes)
Event: 0.619 Thread 0x000001ffdef0b000 nmethod 1017 0x000001ffc8c13510 code [0x000001ffc8c13780, 0x000001ffc8c14190]
Event: 0.619 Thread 0x000001ffdef0b000 1018       3       java.lang.invoke.InvokerBytecodeGenerator::emitReferenceCast (192 bytes)
Event: 0.619 Thread 0x000001ffdef0b000 nmethod 1018 0x000001ffc8c14590 code [0x000001ffc8c14880, 0x000001ffc8c15870]
Event: 0.619 Thread 0x000001ffdef0b000 1020       3       java.lang.PublicMethods$Key::matches (31 bytes)
Event: 0.620 Thread 0x000001ffdef0b000 nmethod 1020 0x000001ffc8c15c90 code [0x000001ffc8c15e80, 0x000001ffc8c16380]
Event: 0.620 Thread 0x000001ffdef0b000 1019       3       java.lang.invoke.LambdaForm$MH/0x0000000800bb5c40::invoke (40 bytes)
Event: 0.620 Thread 0x000001ffdef0b000 nmethod 1019 0x000001ffc8c16590 code [0x000001ffc8c16760, 0x000001ffc8c16ce0]
Event: 0.624 Thread 0x000001ffdef01000 nmethod 1005 0x000001ffcffe3590 code [0x000001ffcffe3760, 0x000001ffcffe4358]
Event: 0.624 Thread 0x000001ffdef01000 1016       4       java.util.ImmutableCollections$ListN::get (7 bytes)
Event: 0.625 Thread 0x000001ffdef01000 nmethod 1016 0x000001ffcffe4710 code [0x000001ffcffe48a0, 0x000001ffcffe4958]
Event: 0.626 Thread 0x000001ffdef0b000 1021       3       com.sun.org.apache.xerces.internal.util.XMLChar::isContent (35 bytes)
Event: 0.626 Thread 0x000001ffdef0b000 nmethod 1021 0x000001ffc8c16e10 code [0x000001ffc8c16fc0, 0x000001ffc8c17238]
Event: 0.629 Thread 0x000001ffdef01000 1022       4       java.util.zip.Inflater::ensureOpen (47 bytes)
Event: 0.630 Thread 0x000001ffdef01000 nmethod 1022 0x000001ffcffe4a10 code [0x000001ffcffe4ba0, 0x000001ffcffe4c58]
Event: 0.633 Thread 0x000001ffdef0b000 1023       3       java.util.HashSet::contains (9 bytes)
Event: 0.634 Thread 0x000001ffdef0b000 nmethod 1023 0x000001ffc8c17310 code [0x000001ffc8c174c0, 0x000001ffc8c17710]
Event: 0.638 Thread 0x000001ffdef01000 1024       4       java.util.concurrent.ConcurrentHashMap::get (162 bytes)
Event: 0.640 Thread 0x000001ffdef01000 nmethod 1024 0x000001ffcffe4d10 code [0x000001ffcffe4ea0, 0x000001ffcffe5178]
Event: 0.643 Thread 0x000001ffdef01000 1025       4       jdk.internal.org.objectweb.asm.SymbolTable::addConstantUtf8 (98 bytes)

GC Heap History (4 events):
Event: 0.609 GC heap before
{Heap before GC invocations=0 (full 0):
 garbage-first heap   total 131072K, used 23552K [0x0000000081c00000, 0x0000000100000000)
  region size 1024K, 24 young (24576K), 0 survivors (0K)
 Metaspace       used 7081K, capacity 8440K, committed 8576K, reserved 1056768K
  class space    used 859K, capacity 1037K, committed 1152K, reserved 1048576K
}
Event: 0.614 GC heap after
{Heap after GC invocations=1 (full 0):
 garbage-first heap   total 131072K, used 2735K [0x0000000081c00000, 0x0000000100000000)
  region size 1024K, 3 young (3072K), 3 survivors (3072K)
 Metaspace       used 7081K, capacity 8440K, committed 8576K, reserved 1056768K
  class space    used 859K, capacity 1037K, committed 1152K, reserved 1048576K
}
Event: 0.646 GC heap before
{Heap before GC invocations=1 (full 0):
 garbage-first heap   total 131072K, used 4783K [0x0000000081c00000, 0x0000000100000000)
  region size 1024K, 6 young (6144K), 3 survivors (3072K)
 Metaspace       used 7715K, capacity 9043K, committed 9088K, reserved 1056768K
  class space    used 972K, capacity 1152K, committed 1152K, reserved 1048576K
}
Event: 0.650 GC heap after
{Heap after GC invocations=2 (full 0):
 garbage-first heap   total 131072K, used 2906K [0x0000000081c00000, 0x0000000100000000)
  region size 1024K, 3 young (3072K), 3 survivors (3072K)
 Metaspace       used 7715K, capacity 9043K, committed 9088K, reserved 1056768K
  class space    used 972K, capacity 1152K, committed 1152K, reserved 1048576K
}

Deoptimization events (20 events):
Event: 0.291 Thread 0x000001ffbffad800 DEOPT PACKING pc=0x000001ffcffa0978 sp=0x00000011f2ffe250
Event: 0.291 Thread 0x000001ffbffad800 DEOPT UNPACKING pc=0x000001ffc850912f sp=0x00000011f2ffe190 mode 2
Event: 0.387 Thread 0x000001ffbffad800 DEOPT PACKING pc=0x000001ffc8b52ebf sp=0x00000011f2ffe100
Event: 0.387 Thread 0x000001ffbffad800 DEOPT UNPACKING pc=0x000001ffc850964e sp=0x00000011f2ffd520 mode 0
Event: 0.391 Thread 0x000001ffbffad800 DEOPT PACKING pc=0x000001ffc8b4e177 sp=0x00000011f2ffe0b0
Event: 0.391 Thread 0x000001ffbffad800 DEOPT UNPACKING pc=0x000001ffc850964e sp=0x00000011f2ffd548 mode 0
Event: 0.519 Thread 0x000001ffe007a000 Uncommon trap: trap_request=0xffffffde fr.pc=0x000001ffcffbad2c relative=0x0000000000000d8c
Event: 0.519 Thread 0x000001ffe007a000 Uncommon trap: reason=class_check action=maybe_recompile pc=0x000001ffcffbad2c method=java.util.HashMap.putVal(ILjava/lang/Object;Ljava/lang/Object;ZZ)Ljava/lang/Object; @ 91 c2
Event: 0.519 Thread 0x000001ffe007a000 DEOPT PACKING pc=0x000001ffcffbad2c sp=0x00000011f43fcaf0
Event: 0.519 Thread 0x000001ffe007a000 DEOPT UNPACKING pc=0x000001ffc850912f sp=0x00000011f43fca38 mode 2
Event: 0.519 Thread 0x000001ffe007a000 Uncommon trap: trap_request=0xffffffde fr.pc=0x000001ffcffbad2c relative=0x0000000000000d8c
Event: 0.519 Thread 0x000001ffe007a000 Uncommon trap: reason=class_check action=maybe_recompile pc=0x000001ffcffbad2c method=java.util.HashMap.putVal(ILjava/lang/Object;Ljava/lang/Object;ZZ)Ljava/lang/Object; @ 91 c2
Event: 0.519 Thread 0x000001ffe007a000 DEOPT PACKING pc=0x000001ffcffbad2c sp=0x00000011f43fcb50
Event: 0.519 Thread 0x000001ffe007a000 DEOPT UNPACKING pc=0x000001ffc850912f sp=0x00000011f43fca98 mode 2
Event: 0.519 Thread 0x000001ffe007a000 Uncommon trap: trap_request=0xffffffde fr.pc=0x000001ffcffb8f34 relative=0x0000000000000b94
Event: 0.519 Thread 0x000001ffe007a000 Uncommon trap: reason=class_check action=maybe_recompile pc=0x000001ffcffb8f34 method=java.util.HashMap.putVal(ILjava/lang/Object;Ljava/lang/Object;ZZ)Ljava/lang/Object; @ 91 c2
Event: 0.519 Thread 0x000001ffe007a000 DEOPT PACKING pc=0x000001ffcffb8f34 sp=0x00000011f43fca60
Event: 0.519 Thread 0x000001ffe007a000 DEOPT UNPACKING pc=0x000001ffc850912f sp=0x00000011f43fca30 mode 2
Event: 0.576 Thread 0x000001ffe007a000 DEOPT PACKING pc=0x000001ffc8b4a8e8 sp=0x00000011f43f8650
Event: 0.576 Thread 0x000001ffe007a000 DEOPT UNPACKING pc=0x000001ffc850964e sp=0x00000011f43f7aa8 mode 0

Classes unloaded (0 events):
No events

Classes redefined (0 events):
No events

Internal exceptions (16 events):
Event: 0.148 Thread 0x000001ffbffad800 Exception <a 'java/lang/NoSuchMethodError'{0x000000008989f150}: 'int java.lang.invoke.DirectMethodHandle$Holder.invokeSpecial(java.lang.Object, java.lang.Object, java.lang.Object, java.lang.Object)'> (0x000000008989f150) 
thrown [t:/workspace/open/src/hotspot/share/interpreter/linkResolver.cpp, line 767]
Event: 0.151 Thread 0x000001ffbffad800 Exception <a 'java/lang/NoSuchMethodError'{0x00000000898a6be8}: 'void java.lang.invoke.DirectMethodHandle$Holder.invokeVirtual(java.lang.Object, java.lang.Object)'> (0x00000000898a6be8) 
thrown [t:/workspace/open/src/hotspot/share/interpreter/linkResolver.cpp, line 767]
Event: 0.160 Thread 0x000001ffbffad800 Exception <a 'java/lang/NoSuchMethodError'{0x00000000898d9370}: 'int java.lang.invoke.DirectMethodHandle$Holder.invokeSpecialIFC(java.lang.Object, java.lang.Object, int)'> (0x00000000898d9370) 
thrown [t:/workspace/open/src/hotspot/share/interpreter/linkResolver.cpp, line 767]
Event: 0.235 Thread 0x000001ffdfee1000 Exception <a 'java/lang/ClassNotFoundException'{0x000000008958b408}: jdk/net/ExtendedSocketOptions> (0x000000008958b408) 
thrown [t:/workspace/open/src/hotspot/share/classfile/systemDictionary.cpp, line 232]
Event: 0.460 Thread 0x000001ffbffad800 Exception <a 'java/lang/NoSuchMethodError'{0x0000000088fed630}: 'int java.lang.invoke.DirectMethodHandle$Holder.invokeStaticInit(java.lang.Object, java.lang.Object, java.lang.Object)'> (0x0000000088fed630) 
thrown [t:/workspace/open/src/hotspot/share/interpreter/linkResolver.cpp, line 767]
Event: 0.461 Thread 0x000001ffbffad800 Exception <a 'java/lang/NoSuchMethodError'{0x0000000088ff85a0}: 'void java.lang.invoke.DirectMethodHandle$Holder.invokeSpecial(java.lang.Object, java.lang.Object)'> (0x0000000088ff85a0) 
thrown [t:/workspace/open/src/hotspot/share/interpreter/linkResolver.cpp, line 767]
Event: 0.477 Thread 0x000001ffbffad800 Exception <a 'java/lang/NoSuchMethodError'{0x0000000088d2cdc8}: 'java.lang.Object java.lang.invoke.DirectMethodHandle$Holder.invokeStatic(java.lang.Object, java.lang.Object, int, java.lang.Object)'> (0x0000000088d2cdc8) 
thrown [t:/workspace/open/src/hotspot/share/interpreter/linkResolver.cpp, line 767]
Event: 0.478 Thread 0x000001ffbffad800 Exception <a 'java/lang/NoSuchMethodError'{0x0000000088d33090}: 'java.lang.Object java.lang.invoke.Invokers$Holder.linkToTargetMethod(java.lang.Object, int, java.lang.Object, java.lang.Object)'> (0x0000000088d33090) 
thrown [t:/workspace/open/src/hotspot/share/interpreter/linkResolver.cpp, line 767]
Event: 0.512 Thread 0x000001ffe007a000 Exception <a 'java/lang/NoSuchMethodError'{0x0000000088b1a9b0}: 'void java.lang.invoke.DirectMethodHandle$Holder.invokeStaticInit(java.lang.Object)'> (0x0000000088b1a9b0) 
thrown [t:/workspace/open/src/hotspot/share/interpreter/linkResolver.cpp, line 767]
Event: 0.514 Thread 0x000001ffbffad800 Exception <a 'java/lang/NoSuchMethodError'{0x0000000088d42170}: 'java.lang.Object java.lang.invoke.Invokers$Holder.linkToTargetMethod(java.lang.Object, java.lang.Object, java.lang.Object, java.lang.Object, java.lang.Object, java.lang.Object)'> (0x0000000088d42170) 
thrown [t:/workspace/open/src/hotspot/share/interpreter/linkResolver.cpp, line 767]
Event: 0.529 Thread 0x000001ffe0165000 Exception <a 'java/lang/NoSuchMethodError'{0x0000000088b81480}: 'void java.lang.invoke.DirectMethodHandle$Holder.invokeStatic(java.lang.Object, java.lang.Object, java.lang.Object, java.lang.Object)'> (0x0000000088b81480) 
thrown [t:/workspace/open/src/hotspot/share/interpreter/linkResolver.cpp, line 767]
Event: 0.558 Thread 0x000001ffe007a000 Exception <a 'sun/nio/fs/WindowsException'{0x00000000888996b8}> (0x00000000888996b8) 
thrown [t:/workspace/open/src/hotspot/share/prims/jni.cpp, line 598]
Event: 0.559 Thread 0x000001ffe007a000 Exception <a 'sun/nio/fs/WindowsException'{0x00000000888c4cf0}> (0x00000000888c4cf0) 
thrown [t:/workspace/open/src/hotspot/share/prims/jni.cpp, line 598]
Event: 0.592 Thread 0x000001ffe007a000 Exception <a 'java/lang/NoSuchMethodError'{0x0000000088569828}: 'java.lang.Object java.lang.invoke.DirectMethodHandle$Holder.invokeStaticInit(java.lang.Object, java.lang.Object, java.lang.Object, java.lang.Object)'> (0x0000000088569828) 
thrown [t:/workspace/open/src/hotspot/share/interpreter/linkResolver.cpp, line 767]
Event: 0.593 Thread 0x000001ffe007a000 Exception <a 'java/lang/NullPointerException'{0x0000000088573e40}> (0x0000000088573e40) 
thrown [t:/workspace/open/src/hotspot/share/interpreter/linkResolver.cpp, line 1349]
Event: 0.595 Thread 0x000001ffe007a000 Exception <a 'java/lang/NoSuchMethodError'{0x0000000088594698}: 'void java.lang.invoke.DirectMethodHandle$Holder.invokeSpecial(java.lang.Object, java.lang.Object, java.lang.Object, java.lang.Object, java.lang.Object)'> (0x0000000088594698) 
thrown [t:/workspace/open/src/hotspot/share/interpreter/linkResolver.cpp, line 767]

Events (20 events):
Event: 0.639 Executing VM operation: RevokeBias done
Event: 0.639 Executing VM operation: RevokeBias
Event: 0.639 Executing VM operation: RevokeBias done
Event: 0.639 Executing VM operation: BulkRevokeBias
Event: 0.639 Executing VM operation: BulkRevokeBias done
Event: 0.642 loading class javafx/scene/text/Text
Event: 0.642 loading class javafx/scene/text/Text done
Event: 0.642 loading class javafx/beans/Observable
Event: 0.642 loading class javafx/beans/Observable done
Event: 0.642 loading class javafx/beans/Observable
Event: 0.642 loading class javafx/beans/Observable done
Event: 0.643 loading class javafx/scene/text/Text
Event: 0.643 loading class javafx/scene/text/Text done
Event: 0.643 loading class javafx/beans/Observable
Event: 0.643 loading class javafx/beans/Observable done
Event: 0.644 loading class java/text/CharacterIterator
Event: 0.644 loading class java/text/CharacterIterator done
Event: 0.646 loading class java/io/FilenameFilter
Event: 0.646 loading class java/io/FilenameFilter done
Event: 0.646 Executing VM operation: CollectForMetadataAllocation


Dynamic libraries:
0x00007ff627c70000 - 0x00007ff627c7f000 	C:\Program Files\Java\jdk-13.0.2\bin\java.exe
0x00007ffa36090000 - 0x00007ffa36285000 	C:\WINDOWS\SYSTEM32\ntdll.dll
0x00007ffa35f60000 - 0x00007ffa3601d000 	C:\WINDOWS\System32\KERNEL32.DLL
0x00007ffa33770000 - 0x00007ffa33a3d000 	C:\WINDOWS\System32\KERNELBASE.dll
0x00007ffa33e00000 - 0x00007ffa33f00000 	C:\WINDOWS\System32\ucrtbase.dll
0x00007ffa2d0b0000 - 0x00007ffa2d0c8000 	C:\Program Files\Java\jdk-13.0.2\bin\jli.dll
0x00007ffa35eb0000 - 0x00007ffa35f5e000 	C:\WINDOWS\System32\ADVAPI32.dll
0x00007ffa2d090000 - 0x00007ffa2d0a5000 	C:\Program Files\Java\jdk-13.0.2\bin\VCRUNTIME140.dll
0x00007ffa355d0000 - 0x00007ffa3566e000 	C:\WINDOWS\System32\msvcrt.dll
0x00007ffa35750000 - 0x00007ffa357ec000 	C:\WINDOWS\System32\sechost.dll
0x00007ffa35030000 - 0x00007ffa35155000 	C:\WINDOWS\System32\RPCRT4.dll
0x00007ffa35b10000 - 0x00007ffa35cb0000 	C:\WINDOWS\System32\USER32.dll
0x00007ffa171f0000 - 0x00007ffa1748a000 	C:\WINDOWS\WinSxS\amd64_microsoft.windows.common-controls_6595b64144ccf1df_6.0.19041.1110_none_60b5254171f9507e\COMCTL32.dll
0x00007ffa34080000 - 0x00007ffa340a2000 	C:\WINDOWS\System32\win32u.dll
0x00007ffa35e80000 - 0x00007ffa35eaa000 	C:\WINDOWS\System32\GDI32.dll
0x00007ffa33a40000 - 0x00007ffa33b4b000 	C:\WINDOWS\System32\gdi32full.dll
0x00007ffa33fe0000 - 0x00007ffa3407d000 	C:\WINDOWS\System32\msvcp_win.dll
0x00007ffa2bbc0000 - 0x00007ffa2bbca000 	C:\WINDOWS\SYSTEM32\VERSION.dll
0x00007ffa34ed0000 - 0x00007ffa34f00000 	C:\WINDOWS\System32\IMM32.DLL
0x00007ffa20450000 - 0x00007ffa204eb000 	C:\Program Files\Java\jdk-13.0.2\bin\msvcp140.dll
0x00007ff9fe820000 - 0x00007ff9ff37d000 	C:\Program Files\Java\jdk-13.0.2\bin\server\jvm.dll
0x00007ffa35cb0000 - 0x00007ffa35cb8000 	C:\WINDOWS\System32\PSAPI.DLL
0x00007ffa2b6b0000 - 0x00007ffa2b6b9000 	C:\WINDOWS\SYSTEM32\WSOCK32.dll
0x00007ffa174b0000 - 0x00007ffa174d7000 	C:\WINDOWS\SYSTEM32\WINMM.dll
0x00007ffa35880000 - 0x00007ffa358eb000 	C:\WINDOWS\System32\WS2_32.dll
0x00007ffa32000000 - 0x00007ffa32012000 	C:\WINDOWS\SYSTEM32\kernel.appcore.dll
0x00007ffa30c60000 - 0x00007ffa30c70000 	C:\Program Files\Java\jdk-13.0.2\bin\verify.dll
0x00007ffa31570000 - 0x00007ffa31754000 	C:\WINDOWS\SYSTEM32\DBGHELP.DLL
0x00007ffa1bcb0000 - 0x00007ffa1bcdc000 	C:\WINDOWS\SYSTEM32\dbgcore.DLL
0x00007ffa33f00000 - 0x00007ffa33f82000 	C:\WINDOWS\System32\bcryptPrimitives.dll
0x00007ffa2b310000 - 0x00007ffa2b336000 	C:\Program Files\Java\jdk-13.0.2\bin\java.dll
0x00007ffa2d060000 - 0x00007ffa2d06e000 	C:\Program Files\Java\jdk-13.0.2\bin\instrument.dll
0x00007ffa2b260000 - 0x00007ffa2b277000 	C:\Program Files\Java\jdk-13.0.2\bin\zip.dll
0x00007ffa2d080000 - 0x00007ffa2d08a000 	C:\Program Files\Java\jdk-13.0.2\bin\jimage.dll
0x00007ffa34780000 - 0x00007ffa34ec4000 	C:\WINDOWS\System32\SHELL32.dll
0x00007ffa31850000 - 0x00007ffa31fe4000 	C:\WINDOWS\SYSTEM32\windows.storage.dll
0x00007ffa35270000 - 0x00007ffa355c4000 	C:\WINDOWS\System32\combase.dll
0x00007ffa331d0000 - 0x00007ffa331fc000 	C:\WINDOWS\SYSTEM32\Wldp.dll
0x00007ffa358f0000 - 0x00007ffa3599d000 	C:\WINDOWS\System32\SHCORE.dll
0x00007ffa35820000 - 0x00007ffa35875000 	C:\WINDOWS\System32\shlwapi.dll
0x00007ffa336b0000 - 0x00007ffa336cf000 	C:\WINDOWS\SYSTEM32\profapi.dll
0x00007ffa2b140000 - 0x00007ffa2b159000 	C:\Program Files\Java\jdk-13.0.2\bin\net.dll
0x00007ffa21220000 - 0x00007ffa2132a000 	C:\WINDOWS\SYSTEM32\WINHTTP.dll
0x00007ffa32f30000 - 0x00007ffa32f9a000 	C:\WINDOWS\system32\mswsock.dll
0x00007ffa2b060000 - 0x00007ffa2b073000 	C:\Program Files\Java\jdk-13.0.2\bin\nio.dll
0x00007ffa2ad50000 - 0x00007ffa2ad6a000 	C:\Program Files\JetBrains\IntelliJ IDEA Community Edition 2019.3.3\bin\breakgen64.dll
0x000001ffbff50000 - 0x000001ffbff53000 	C:\Users\Maxim\.openjfx\cache\13\api-ms-win-core-console-l1-1-0.dll
0x000001ffbff60000 - 0x000001ffbff63000 	C:\Users\Maxim\.openjfx\cache\13\api-ms-win-core-datetime-l1-1-0.dll
0x000001ffbff70000 - 0x000001ffbff73000 	C:\Users\Maxim\.openjfx\cache\13\api-ms-win-core-debug-l1-1-0.dll
0x000001ffbff80000 - 0x000001ffbff83000 	C:\Users\Maxim\.openjfx\cache\13\api-ms-win-core-errorhandling-l1-1-0.dll
0x000001ffe0440000 - 0x000001ffe0444000 	C:\Users\Maxim\.openjfx\cache\13\api-ms-win-core-file-l1-1-0.dll
0x000001ffe0450000 - 0x000001ffe0453000 	C:\Users\Maxim\.openjfx\cache\13\api-ms-win-core-file-l1-2-0.dll
0x000001ffe0460000 - 0x000001ffe0463000 	C:\Users\Maxim\.openjfx\cache\13\api-ms-win-core-file-l2-1-0.dll
0x000001ffe0470000 - 0x000001ffe0473000 	C:\Users\Maxim\.openjfx\cache\13\api-ms-win-core-handle-l1-1-0.dll
0x000001ffe0480000 - 0x000001ffe0483000 	C:\Users\Maxim\.openjfx\cache\13\api-ms-win-core-heap-l1-1-0.dll
0x000001ffe0490000 - 0x000001ffe0493000 	C:\Users\Maxim\.openjfx\cache\13\api-ms-win-core-interlocked-l1-1-0.dll
0x000001ffe04a0000 - 0x000001ffe04a3000 	C:\Users\Maxim\.openjfx\cache\13\api-ms-win-core-libraryloader-l1-1-0.dll
0x000001ffe04b0000 - 0x000001ffe04b3000 	C:\Users\Maxim\.openjfx\cache\13\api-ms-win-core-localization-l1-2-0.dll
0x000001ffe04c0000 - 0x000001ffe04c3000 	C:\Users\Maxim\.openjfx\cache\13\api-ms-win-core-memory-l1-1-0.dll
0x000001ffe04d0000 - 0x000001ffe04d3000 	C:\Users\Maxim\.openjfx\cache\13\api-ms-win-core-namedpipe-l1-1-0.dll
0x000001ffe04e0000 - 0x000001ffe04e3000 	C:\Users\Maxim\.openjfx\cache\13\api-ms-win-core-processenvironment-l1-1-0.dll
0x000001ffe04f0000 - 0x000001ffe04f3000 	C:\Users\Maxim\.openjfx\cache\13\api-ms-win-core-processthreads-l1-1-0.dll
0x000001ffe0500000 - 0x000001ffe0503000 	C:\Users\Maxim\.openjfx\cache\13\api-ms-win-core-processthreads-l1-1-1.dll
0x000001ffe0510000 - 0x000001ffe0513000 	C:\Users\Maxim\.openjfx\cache\13\api-ms-win-core-profile-l1-1-0.dll
0x000001ffe0520000 - 0x000001ffe0523000 	C:\Users\Maxim\.openjfx\cache\13\api-ms-win-core-rtlsupport-l1-1-0.dll
0x000001ffe0530000 - 0x000001ffe0533000 	C:\Users\Maxim\.openjfx\cache\13\api-ms-win-core-string-l1-1-0.dll
0x000001ffe0540000 - 0x000001ffe0543000 	C:\Users\Maxim\.openjfx\cache\13\api-ms-win-core-synch-l1-1-0.dll
0x000001ffe0550000 - 0x000001ffe0553000 	C:\Users\Maxim\.openjfx\cache\13\api-ms-win-core-synch-l1-2-0.dll
0x000001ffe0560000 - 0x000001ffe0563000 	C:\Users\Maxim\.openjfx\cache\13\api-ms-win-core-sysinfo-l1-1-0.dll
0x000001ffe0570000 - 0x000001ffe0573000 	C:\Users\Maxim\.openjfx\cache\13\api-ms-win-core-timezone-l1-1-0.dll
0x000001ffe0580000 - 0x000001ffe0583000 	C:\Users\Maxim\.openjfx\cache\13\api-ms-win-core-util-l1-1-0.dll
0x000001ffe0590000 - 0x000001ffe0593000 	C:\Users\Maxim\.openjfx\cache\13\api-ms-win-crt-conio-l1-1-0.dll
0x000001ffe05a0000 - 0x000001ffe05a4000 	C:\Users\Maxim\.openjfx\cache\13\api-ms-win-crt-convert-l1-1-0.dll
0x000001ffe05b0000 - 0x000001ffe05b3000 	C:\Users\Maxim\.openjfx\cache\13\api-ms-win-crt-environment-l1-1-0.dll
0x000001ffe05c0000 - 0x000001ffe05c3000 	C:\Users\Maxim\.openjfx\cache\13\api-ms-win-crt-filesystem-l1-1-0.dll
0x000001ffe05d0000 - 0x000001ffe05d3000 	C:\Users\Maxim\.openjfx\cache\13\api-ms-win-crt-heap-l1-1-0.dll
0x000001ffe05e0000 - 0x000001ffe05e3000 	C:\Users\Maxim\.openjfx\cache\13\api-ms-win-crt-locale-l1-1-0.dll
0x000001ffe05f0000 - 0x000001ffe05f5000 	C:\Users\Maxim\.openjfx\cache\13\api-ms-win-crt-math-l1-1-0.dll
0x000001ffe0600000 - 0x000001ffe0605000 	C:\Users\Maxim\.openjfx\cache\13\api-ms-win-crt-multibyte-l1-1-0.dll
0x000001ffe0610000 - 0x000001ffe0620000 	C:\Users\Maxim\.openjfx\cache\13\api-ms-win-crt-private-l1-1-0.dll
0x000001ffe0620000 - 0x000001ffe0623000 	C:\Users\Maxim\.openjfx\cache\13\api-ms-win-crt-process-l1-1-0.dll
0x000001ffe0630000 - 0x000001ffe0634000 	C:\Users\Maxim\.openjfx\cache\13\api-ms-win-crt-runtime-l1-1-0.dll
0x000001ffe0640000 - 0x000001ffe0644000 	C:\Users\Maxim\.openjfx\cache\13\api-ms-win-crt-stdio-l1-1-0.dll
0x000001ffe0650000 - 0x000001ffe0654000 	C:\Users\Maxim\.openjfx\cache\13\api-ms-win-crt-string-l1-1-0.dll
0x000001ffe0660000 - 0x000001ffe0663000 	C:\Users\Maxim\.openjfx\cache\13\api-ms-win-crt-time-l1-1-0.dll
0x000001ffe0670000 - 0x000001ffe0673000 	C:\Users\Maxim\.openjfx\cache\13\api-ms-win-crt-utility-l1-1-0.dll
0x00007ffa1fd50000 - 0x00007ffa1fe4c000 	C:\Users\Maxim\.openjfx\cache\13\ucrtbase.dll
0x00007ffa26410000 - 0x00007ffa26425000 	C:\Users\Maxim\.openjfx\cache\13\vcruntime140.dll
0x00007ffa0d6d0000 - 0x00007ffa0d76b000 	C:\Users\Maxim\.openjfx\cache\13\msvcp140.dll
0x00007ffa20230000 - 0x00007ffa20281000 	C:\Users\Maxim\.openjfx\cache\13\concrt140.dll
0x00007ffa234c0000 - 0x00007ffa234e3000 	C:\Users\Maxim\.openjfx\cache\13\prism_d3d.dll
0x00007ffa22af0000 - 0x00007ffa22cbf000 	C:\WINDOWS\system32\d3d9.dll
0x00007ffa30fe0000 - 0x00007ffa3100f000 	C:\WINDOWS\SYSTEM32\dwmapi.dll
0x00007ffa30df0000 - 0x00007ffa30e8e000 	C:\WINDOWS\system32\uxtheme.dll
0x00007ff9e3ec0000 - 0x00007ff9e4023000 	C:\WINDOWS\System32\DriverStore\FileRepository\iigd_dch.inf_amd64_d7403bad0b41f2bd\igdumdim64.dll
0x00007ff9d53b0000 - 0x00007ff9d8df2000 	C:\WINDOWS\System32\DriverStore\FileRepository\iigd_dch.inf_amd64_d7403bad0b41f2bd\igd9dxva64.dll
0x00007ffa34f00000 - 0x00007ffa3502a000 	C:\WINDOWS\System32\ole32.dll
0x00007ffa340b0000 - 0x00007ffa3417d000 	C:\WINDOWS\System32\OLEAUT32.dll
0x00007ffa341e0000 - 0x00007ffa34651000 	C:\WINDOWS\System32\SETUPAPI.dll
0x00007ffa33f90000 - 0x00007ffa33fde000 	C:\WINDOWS\System32\cfgmgr32.dll
0x00007ffa33dd0000 - 0x00007ffa33df7000 	C:\WINDOWS\System32\bcrypt.dll
0x00007ffa260c0000 - 0x00007ffa262ff000 	C:\WINDOWS\System32\DriverStore\FileRepository\iigd_dch.inf_amd64_d7403bad0b41f2bd\igdgmm64.dll
0x00007ffa1ff20000 - 0x00007ffa1ff65000 	C:\Users\Maxim\.openjfx\cache\13\glass.dll
0x00007ffa35670000 - 0x00007ffa3574b000 	C:\WINDOWS\System32\COMDLG32.dll
0x00007ffa34660000 - 0x00007ffa34775000 	C:\WINDOWS\System32\MSCTF.dll
0x00007ffa33120000 - 0x00007ffa33138000 	C:\WINDOWS\SYSTEM32\CRYPTSP.dll
0x00007ffa327e0000 - 0x00007ffa32814000 	C:\WINDOWS\system32\rsaenh.dll
0x00007ffa33140000 - 0x00007ffa3314c000 	C:\WINDOWS\SYSTEM32\CRYPTBASE.dll
0x00007ffa2dac0000 - 0x00007ffa2dafb000 	C:\WINDOWS\SYSTEM32\dxcore.dll

dbghelp: loaded successfully - version: 4.0.5 - missing functions: none
symbol engine: initialized successfully - sym options: 0x614 - pdb path: .;C:\Program Files\Java\jdk-13.0.2\bin;C:\WINDOWS\SYSTEM32;C:\WINDOWS\WinSxS\amd64_microsoft.windows.common-controls_6595b64144ccf1df_6.0.19041.1110_none_60b5254171f9507e;C:\Program Files\Java\jdk-13.0.2\bin\server;C:\Program Files\JetBrains\IntelliJ IDEA Community Edition 2019.3.3\bin;C:\Users\Maxim\.openjfx\cache\13;C:\WINDOWS\System32\DriverStore\FileRepository\iigd_dch.inf_amd64_d7403bad0b41f2bd

VM Arguments:
jvm_args: --add-modules=javafx.base,javafx.graphics --add-reads=javafx.base=ALL-UNNAMED --add-reads=javafx.graphics=ALL-UNNAMED -javaagent:C:\Program Files\JetBrains\IntelliJ IDEA Community Edition 2019.3.3\lib\idea_rt.jar=64463:C:\Program Files\JetBrains\IntelliJ IDEA Community Edition 2019.3.3\bin -Dfile.encoding=UTF-8 --module-path=C:\Users\Maxim\.m2\repository\org\openjfx\javafx-base\13\javafx-base-13-win.jar;C:\Users\Maxim\.m2\repository\org\openjfx\javafx-graphics\13\javafx-graphics-13-win.jar;C:\Users\Maxim\IdeaProjects\BattleRoyalRefactored\Game\target\classes;C:\Users\Maxim\.m2\repository\org\openjfx\javafx-controls\13\javafx-controls-13.jar;C:\Users\Maxim\.m2\repository\org\openjfx\javafx-controls\13\javafx-controls-13-win.jar;C:\Users\Maxim\.m2\repository\org\openjfx\javafx-graphics\13\javafx-graphics-13.jar;C:\Users\Maxim\.m2\repository\org\openjfx\javafx-base\13\javafx-base-13.jar;C:\Users\Maxim\.m2\repository\org\openjfx\javafx-archetype-fxml\0.0.6\javafx-archetype-fxml-0.0.6.jar;C:\Users\Maxim\.m2\repository\org\openjfx\javafx-fxml\18.0.1\javafx-fxml-18.0.1.jar;C:\Users\Maxim\.m2\repository\org\openjfx\javafx-fxml\18.0.1\javafx-fxml-18.0.1-win.jar;C:\Users\Maxim\IdeaProjects\BattleRoyalRefactored\out\production\Core -Djdk.module.main=game 
java_command: game/game.App
java_class_path (initial): <not set>
Launcher Type: SUN_STANDARD

[Global flags]
     intx CICompilerCount                          = 4                                         {product} {ergonomic}
     uint ConcGCThreads                            = 2                                         {product} {ergonomic}
     uint G1ConcRefinementThreads                  = 8                                         {product} {ergonomic}
   size_t G1HeapRegionSize                         = 1048576                                   {product} {ergonomic}
    uintx GCDrainStackTargetSize                   = 64                                        {product} {ergonomic}
   size_t InitialHeapSize                          = 134217728                                 {product} {ergonomic}
   size_t MarkStackSize                            = 4194304                                   {product} {ergonomic}
   size_t MaxHeapSize                              = 2118123520                                {product} {ergonomic}
   size_t MaxNewSize                               = 1270874112                                {product} {ergonomic}
   size_t MinHeapDeltaBytes                        = 1048576                                   {product} {ergonomic}
   size_t MinHeapSize                              = 8388608                                   {product} {ergonomic}
    uintx NonNMethodCodeHeapSize                   = 5839372                                {pd product} {ergonomic}
    uintx NonProfiledCodeHeapSize                  = 122909434                              {pd product} {ergonomic}
    uintx ProfiledCodeHeapSize                     = 122909434                              {pd product} {ergonomic}
    uintx ReservedCodeCacheSize                    = 251658240                              {pd product} {ergonomic}
     bool SegmentedCodeCache                       = true                                      {product} {ergonomic}
   size_t SoftMaxHeapSize                          = 2118123520                             {manageable} {ergonomic}
     bool UseCompressedClassPointers               = true                                 {lp64_product} {ergonomic}
     bool UseCompressedOops                        = true                                 {lp64_product} {ergonomic}
     bool UseG1GC                                  = true                                      {product} {ergonomic}
     bool UseLargePagesIndividualAllocation        = false                                  {pd product} {ergonomic}

Logging:
Log output configuration:
 #0: stdout all=warning uptime,level,tags
 #1: stderr all=off uptime,level,tags

Environment Variables:
PATH=C:\Program Files (x86)\Embarcadero\Studio\21.0\bin;C:\Users\Public\Documents\Embarcadero\Studio\21.0\Bpl;C:\Program Files (x86)\Embarcadero\Studio\21.0\bin64;C:\Users\Public\Documents\Embarcadero\Studio\21.0\Bpl\Win64;C:\Program Files\Microsoft MPI\Bin\;C:\WINDOWS\system32;C:\WINDOWS;C:\WINDOWS\System32\Wbem;C:\WINDOWS\System32\WindowsPowerShell\v1.0\;C:\WINDOWS\System32\OpenSSH\;C:\Program Files (x86)\QuickTime\QTSystem\;C:\Program Files (x86)\Microsoft SQL Server\150\DTS\Binn\;C:\Program Files\dotnet\;C:\Program Files\Microsoft SQL Server\130\Tools\Binn\;C:\Program Files\Git\cmd;C:\Program Files\Conan\conan;C:\Users\Maxim\AppData\Local\Microsoft\WindowsApps;C:\Users\Maxim\.dotnet\tools;C:\Users\Администратор\AppData\Local\GitHubDesktop\bin;C:\Program Files\CMake\bin
USERNAME=Maxim
OS=Windows_NT
PROCESSOR_IDENTIFIER=Intel64 Family 6 Model 158 Stepping 10, GenuineIntel



---------------  S Y S T E M  ---------------

OS: Windows 10 , 64 bit Build 19041 (10.0.19041.1706)

CPU:total 8 (initial active 8) (4 cores per cpu, 2 threads per core) family 6 model 158 stepping 10, cmov, cx8, fxsr, mmx, sse, sse2, sse3, ssse3, sse4.1, sse4.2, popcnt, avx, avx2, aes, clmul, erms, 3dnowpref, lzcnt, ht, tsc, tscinvbit, bmi1, bmi2, adx, fma

Memory: 4k page, system-wide physical 8072M (1331M free)
TotalPageFile size 11144M (AvailPageFile size 3M)
current process WorkingSet (physical memory assigned to process): 83M, peak: 83M
current process commit charge ("private bytes"): 239M, peak: 243M

vm_info: Java HotSpot(TM) 64-Bit Server VM (13.0.2+8) for windows-amd64 JRE (13.0.2+8), built on Dec 11 2019 09:20:33 by "mach5one" with unknown MS VC++:1916

END.
