#
# A fatal error has been detected by the Java Runtime Environment:
#
#  EXCEPTION_ACCESS_VIOLATION (0xc0000005) at pc=0x00007ffab703fd37, pid=9120, tid=12136
#
# JRE version: Java(TM) SE Runtime Environment (13.0.2+8) (build 13.0.2+8)
# Java VM: Java HotSpot(TM) 64-Bit Server VM (13.0.2+8, mixed mode, sharing, tiered, compressed oops, g1 gc, windows-amd64)
# Problematic frame:
# C  [igdumdim64.dll+0x1fd37]
#
# No core dump will be written. Minidumps are not enabled by default on client versions of Windows
#
# If you would like to submit a bug report, please visit:
#   http://bugreport.java.com/bugreport/crash.jsp
# The crash happened outside the Java Virtual Machine in native code.
# See problematic frame for where to report the bug.
#

---------------  S U M M A R Y ------------

Command Line: --add-modules=javafx.base,javafx.graphics --add-reads=javafx.base=ALL-UNNAMED --add-reads=javafx.graphics=ALL-UNNAMED -javaagent:C:\Program Files\JetBrains\IntelliJ IDEA Community Edition 2019.3.3\lib\idea_rt.jar=60775:C:\Program Files\JetBrains\IntelliJ IDEA Community Edition 2019.3.3\bin -Dfile.encoding=UTF-8 --module-path=C:\Users\Maxim\.m2\repository\org\openjfx\javafx-base\13\javafx-base-13-win.jar;C:\Users\Maxim\.m2\repository\org\openjfx\javafx-graphics\13\javafx-graphics-13-win.jar;C:\Users\Maxim\IdeaProjects\BattleRoyalRefactored\Game\target\classes;C:\Users\Maxim\.m2\repository\org\openjfx\javafx-controls\13\javafx-controls-13.jar;C:\Users\Maxim\.m2\repository\org\openjfx\javafx-controls\13\javafx-controls-13-win.jar;C:\Users\Maxim\.m2\repository\org\openjfx\javafx-graphics\13\javafx-graphics-13.jar;C:\Users\Maxim\.m2\repository\org\openjfx\javafx-base\13\javafx-base-13.jar;C:\Users\Maxim\.m2\repository\org\openjfx\javafx-archetype-fxml\0.0.6\javafx-archetype-fxml-0.0.6.jar;C:\Users\Maxim\.m2\repository\org\openjfx\javafx-fxml\18.0.1\javafx-fxml-18.0.1.jar;C:\Users\Maxim\.m2\repository\org\openjfx\javafx-fxml\18.0.1\javafx-fxml-18.0.1-win.jar -Djdk.module.main=game game/game.App

Host: Intel(R) Core(TM) i5-9300H CPU @ 2.40GHz, 8 cores, 7G,  Windows 10 , 64 bit Build 19041 (10.0.19041.1645)
Time: Thu May  5 18:56:49 2022 RTZ 6 (зима) elapsed time: 0 seconds (0d 0h 0m 0s)

---------------  T H R E A D  ---------------

Current thread (0x000001303cf6f000):  JavaThread "QuantumRenderer-0" daemon [_thread_in_native, id=12136, stack(0x0000002e5c300000,0x0000002e5c400000)]

Stack: [0x0000002e5c300000,0x0000002e5c400000],  sp=0x0000002e5c3fb7d0,  free space=1005k
Native frames: (J=compiled Java code, j=interpreted, Vv=VM code, C=native code)
C  [igdumdim64.dll+0x1fd37]

Java frames: (J=compiled Java code, j=interpreted, Vv=VM code)
j  com.sun.prism.d3d.D3DResourceFactory.nGetContext(I)J+0 javafx.graphics
j  com.sun.prism.d3d.D3DPipeline.createResourceFactory(ILcom/sun/glass/ui/Screen;)Lcom/sun/prism/d3d/D3DResourceFactory;+1 javafx.graphics
j  com.sun.prism.d3d.D3DPipeline.getD3DResourceFactory(ILcom/sun/glass/ui/Screen;)Lcom/sun/prism/d3d/D3DResourceFactory;+16 javafx.graphics
j  com.sun.prism.d3d.D3DPipeline.findDefaultResourceFactory(Ljava/util/List;)Lcom/sun/prism/d3d/D3DResourceFactory;+17 javafx.graphics
j  com.sun.prism.d3d.D3DPipeline.getDefaultResourceFactory(Ljava/util/List;)Lcom/sun/prism/ResourceFactory;+9 javafx.graphics
j  com.sun.prism.GraphicsPipeline.getDefaultResourceFactory()Lcom/sun/prism/ResourceFactory;+8 javafx.graphics
j  com.sun.javafx.tk.quantum.QuantumRenderer.lambda$createResourceFactory$2()V+0 javafx.graphics
j  com.sun.javafx.tk.quantum.QuantumRenderer$$Lambda$95.run()V+0 javafx.graphics
j  java.util.concurrent.Executors$RunnableAdapter.call()Ljava/lang/Object;+4 java.base@13.0.2
j  java.util.concurrent.FutureTask.runAndReset()Z+44 java.base@13.0.2
j  com.sun.javafx.tk.RenderJob.run()V+1 javafx.graphics
j  java.util.concurrent.ThreadPoolExecutor.runWorker(Ljava/util/concurrent/ThreadPoolExecutor$Worker;)V+92 java.base@13.0.2
j  java.util.concurrent.ThreadPoolExecutor$Worker.run()V+5 java.base@13.0.2
j  com.sun.javafx.tk.quantum.QuantumRenderer$PipelineRunnable.run()V+8 javafx.graphics
j  java.lang.Thread.run()V+11 java.base@13.0.2
v  ~StubRoutines::call_stub

siginfo: EXCEPTION_ACCESS_VIOLATION (0xc0000005), reading address 0x0000000000000000


Register to memory mapping:

RIP=0x00007ffab703fd37 igdumdim64.dll
RAX=0x0000000000000012 is an unknown value
RBX=0x000001303d26b1c0 points into unknown readable memory: 00 00 00 00 00 00 00 00
RCX=0x000001303d26b1c0 points into unknown readable memory: 00 00 00 00 00 00 00 00
RDX=0x000001303d2c5240 points into unknown readable memory: 80 03 00 40 00 00 00 00
RSP=0x0000002e5c3fb7d0 is pointing into the stack for thread: 0x000001303cf6f000
RBP=0x000001303d26b1c0 points into unknown readable memory: 00 00 00 00 00 00 00 00
RSI=0x000001303d270b60 points into unknown readable memory: 40 52 2c 3d 30 01 00 00
RDI=0x0 is NULL
R8 =0x0000002e5c3fbb60 is pointing into the stack for thread: 0x000001303cf6f000
R9 =0x0 is NULL
R10=0x0 is NULL
R11=0x878001c7c0400050 is an unknown value
R12=0x0 is NULL
R13=0x00007ffab7029e10 igdumdim64.dll
R14=0x0 is NULL
R15=0x0 is NULL


Registers:
RAX=0x0000000000000012, RBX=0x000001303d26b1c0, RCX=0x000001303d26b1c0, RDX=0x000001303d2c5240
RSP=0x0000002e5c3fb7d0, RBP=0x000001303d26b1c0, RSI=0x000001303d270b60, RDI=0x0000000000000000
R8 =0x0000002e5c3fbb60, R9 =0x0000000000000000, R10=0x0000000000000000, R11=0x878001c7c0400050
R12=0x0000000000000000, R13=0x00007ffab7029e10, R14=0x0000000000000000, R15=0x0000000000000000
RIP=0x00007ffab703fd37, EFLAGS=0x0000000000010202

Top of Stack: (sp=0x0000002e5c3fb7d0)
0x0000002e5c3fb7d0:   000001303d270bc0 0000002e5c3fb8d0
0x0000002e5c3fb7e0:   0000002e5c3fbb30 0000000000000004
0x0000002e5c3fb7f0:   0000013000000000 000001301b1012c0
0x0000002e5c3fb800:   000000000000000a 000001301b100000
0x0000002e5c3fb810:   000001301b1002b0 00007ffaf0bd5ba1
0x0000002e5c3fb820:   0000002e5c3fbb60 00007ffab703dfdf
0x0000002e5c3fb830:   0000000000000058 0000000000000000
0x0000002e5c3fb840:   0000000000000000 0000000000000040
0x0000002e5c3fb850:   0000000040000380 0000000000000000
0x0000002e5c3fb860:   000001301af20000 0000002e5c3fb929
0x0000002e5c3fb870:   0000000000000004 00007ffaf0bdb3c7
0x0000002e5c3fb880:   000001301b100000 0000000000000000
0x0000002e5c3fb890:   0000000000000030 0000000100000000
0x0000002e5c3fb8a0:   000001303d209eb0 0000000000004000
0x0000002e5c3fb8b0:   000000023d209ed8 00007ffaf0bd5ba1
0x0000002e5c3fb8c0:   0000000000000001 000001303d26b1c0 

Instructions: (pc=0x00007ffab703fd37)
0x00007ffab703fc37:   e1 1d 73 08 83 c8 02 89 43 04 eb 34 83 c8 04 89
0x00007ffab703fc47:   43 04 eb 2c 81 0b 00 00 90 00 f7 06 00 20 00 00
0x00007ffab703fc57:   74 1e 81 4b 04 80 00 00 00 eb 15 81 4b 04 80 00
0x00007ffab703fc67:   00 00 f7 06 00 00 00 04 74 06 81 0b 00 00 08 00
0x00007ffab703fc77:   8b 06 a8 02 74 05 83 0b 40 8b 06 0f ba e0 0e 73
0x00007ffab703fc87:   03 83 0b 01 48 8b 45 18 48 8b 7c 24 50 8b 88 c4
0x00007ffab703fc97:   01 00 00 8b 17 8b c2 83 e0 ef 83 ca 10 80 e1 20
0x00007ffab703fca7:   0f 44 d0 89 17 8b 06 a9 00 00 a0 00 74 42 0f ba
0x00007ffab703fcb7:   e0 0b 72 33 f6 43 0c 40 74 2d 48 8b 8d d8 41 00
0x00007ffab703fcc7:   00 48 8b 05 f1 c5 12 00 ff 15 0b f7 0c 00 84 c0
0x00007ffab703fcd7:   74 0d 48 8b 45 18 83 b8 50 0e 00 00 11 7c 08 81
0x00007ffab703fce7:   0b 00 00 01 00 eb 09 81 23 ff ff fe ff 83 0f 10
0x00007ffab703fcf7:   48 8b 5c 24 30 48 8b 6c 24 38 48 8b 74 24 40 48
0x00007ffab703fd07:   83 c4 20 5f c3 cc cc cc cc cc cc cc cc cc cc cc
0x00007ffab703fd17:   cc cc cc cc cc cc cc cc cc 48 89 5c 24 10 57 48
0x00007ffab703fd27:   83 ec 50 4c 8b 91 40 03 00 00 49 8b f9 48 8b d9
0x00007ffab703fd37:   4d 8b 1a 4c 39 5a 18 77 14 4c 8b 91 40 03 00 00
0x00007ffab703fd47:   4d 8b 0a 4c 39 4a 20 0f 86 8e 00 00 00 41 f6 40
0x00007ffab703fd57:   20 04 74 10 b8 1c 02 76 88 48 8b 5c 24 68 48 83
0x00007ffab703fd67:   c4 50 5f c3 48 85 ff 74 05 48 8b 17 eb 04 48 8b
0x00007ffab703fd77:   52 28 48 8b 81 40 03 00 00 48 8b 08 48 3b d1 76
0x00007ffab703fd87:   5a 48 8b 8b 48 48 00 00 48 8d 83 38 03 00 00 48
0x00007ffab703fd97:   89 44 24 28 48 8d 44 24 60 48 89 44 24 30 48 8b
0x00007ffab703fda7:   83 38 47 00 00 48 89 54 24 60 48 8d 54 24 20 48
0x00007ffab703fdb7:   c7 44 24 20 01 00 00 00 48 c7 44 24 40 00 00 00
0x00007ffab703fdc7:   00 48 c7 44 24 38 00 00 00 00 ff 15 09 f6 0c 00
0x00007ffab703fdd7:   48 8b 5c 24 68 48 83 c4 50 5f c3 48 8b 5c 24 68
0x00007ffab703fde7:   33 c0 48 83 c4 50 5f c3 cc cc cc cc cc cc cc cc
0x00007ffab703fdf7:   cc cc cc cc cc cc cc cc cc 40 55 56 41 54 41 55
0x00007ffab703fe07:   48 83 ec 48 41 8b 40 20 48 8b ea 8b d0 48 89 5c
0x00007ffab703fe17:   24 70 d1 e8 33 f6 83 e0 01 4c 89 b4 24 80 00 00
0x00007ffab703fe27:   00 45 0f b6 e9 4c 8b e1 83 e2 01 0f 85 18 01 00 


Stack slot to memory mapping:
stack at sp + 0 slots: 0x000001303d270bc0 points into unknown readable memory: 01 00 00 00 00 00 00 00
stack at sp + 1 slots: 0x0000002e5c3fb8d0 is pointing into the stack for thread: 0x000001303cf6f000
stack at sp + 2 slots: 0x0000002e5c3fbb30 is pointing into the stack for thread: 0x000001303cf6f000
stack at sp + 3 slots: 0x0000000000000004 is an unknown value
stack at sp + 4 slots: 0x0000013000000000 is an unknown value
stack at sp + 5 slots: 0x000001301b1012c0 points into unknown readable memory: c0 0c 10 1b 30 01 00 00
stack at sp + 6 slots: 0x000000000000000a is an unknown value
stack at sp + 7 slots: 0x000001301b100000 points into unknown readable memory: 00 00 00 00 00 00 00 00


---------------  P R O C E S S  ---------------

Threads class SMR info:
_java_thread_list=0x000001303d28c7a0, length=15, elements={
0x000001301d183800, 0x000001303c09d000, 0x000001303c0a0800, 0x000001303c0c0800,
0x000001303c0c1800, 0x000001303c0c5800, 0x000001303c0ca800, 0x000001303ca30800,
0x000001303cab6800, 0x000001303cb4e000, 0x000001303cd37000, 0x000001303cd38000,
0x000001303cf6f000, 0x000001303d25a000, 0x000001303d256800
}

Java Threads: ( => current thread )
  0x000001301d183800 JavaThread "main" [_thread_blocked, id=13492, stack(0x0000002e5af00000,0x0000002e5b000000)]
  0x000001303c09d000 JavaThread "Reference Handler" daemon [_thread_blocked, id=14324, stack(0x0000002e5b600000,0x0000002e5b700000)]
  0x000001303c0a0800 JavaThread "Finalizer" daemon [_thread_blocked, id=10128, stack(0x0000002e5b700000,0x0000002e5b800000)]
  0x000001303c0c0800 JavaThread "Signal Dispatcher" daemon [_thread_blocked, id=10956, stack(0x0000002e5b800000,0x0000002e5b900000)]
  0x000001303c0c1800 JavaThread "Attach Listener" daemon [_thread_blocked, id=9536, stack(0x0000002e5b900000,0x0000002e5ba00000)]
  0x000001303c0c5800 JavaThread "C2 CompilerThread0" daemon [_thread_blocked, id=9676, stack(0x0000002e5ba00000,0x0000002e5bb00000)]
  0x000001303c0ca800 JavaThread "C1 CompilerThread0" daemon [_thread_blocked, id=10304, stack(0x0000002e5bb00000,0x0000002e5bc00000)]
  0x000001303ca30800 JavaThread "Sweeper thread" daemon [_thread_blocked, id=9368, stack(0x0000002e5bc00000,0x0000002e5bd00000)]
  0x000001303cab6800 JavaThread "Common-Cleaner" daemon [_thread_blocked, id=11008, stack(0x0000002e5bd00000,0x0000002e5be00000)]
  0x000001303cb4e000 JavaThread "C2 CompilerThread1" daemon [_thread_blocked, id=10948, stack(0x0000002e5be00000,0x0000002e5bf00000)]
  0x000001303cd37000 JavaThread "Monitor Ctrl-Break" daemon [_thread_in_native, id=11736, stack(0x0000002e5c000000,0x0000002e5c100000)]
  0x000001303cd38000 JavaThread "Service Thread" daemon [_thread_blocked, id=2880, stack(0x0000002e5c100000,0x0000002e5c200000)]
=>0x000001303cf6f000 JavaThread "QuantumRenderer-0" daemon [_thread_in_native, id=12136, stack(0x0000002e5c300000,0x0000002e5c400000)]
  0x000001303d25a000 JavaThread "InvokeLaterDispatcher" daemon [_thread_blocked, id=10748, stack(0x0000002e5bf00000,0x0000002e5c000000)]
  0x000001303d256800 JavaThread "JavaFX Application Thread" [_thread_blocked, id=1620, stack(0x0000002e5c400000,0x0000002e5c500000)]

Other Threads:
  0x000001303c09b800 VMThread "VM Thread" [stack: 0x0000002e5b500000,0x0000002e5b600000] [id=10264]
  0x000001303cb5a000 WatcherThread [stack: 0x0000002e5c200000,0x0000002e5c300000] [id=4880]
  0x000001301d1c1000 GCTaskThread "GC Thread#0" [stack: 0x0000002e5b000000,0x0000002e5b100000] [id=7364]
  0x000001301d1d2800 ConcurrentGCThread "G1 Main Marker" [stack: 0x0000002e5b100000,0x0000002e5b200000] [id=10004]
  0x000001301d1d6000 ConcurrentGCThread "G1 Conc#0" [stack: 0x0000002e5b200000,0x0000002e5b300000] [id=9004]
  0x000001303bf16800 ConcurrentGCThread "G1 Refine#0" [stack: 0x0000002e5b300000,0x0000002e5b400000] [id=9152]
  0x000001303bf18000 ConcurrentGCThread "G1 Young RemSet Sampling" [stack: 0x0000002e5b400000,0x0000002e5b500000] [id=14904]

Threads with active compile tasks:

VM state:not at safepoint (normal execution)

VM Mutex/Monitor currently owned by a thread: None

Heap address: 0x0000000081c00000, size: 2020 MB, Compressed Oops mode: 32-bit
Narrow klass base: 0x0000000800000000, Narrow klass shift: 3
Compressed class space size: 1073741824 Address: 0x0000000800b40000

Heap:
 garbage-first heap   total 131072K, used 14336K [0x0000000081c00000, 0x0000000100000000)
  region size 1024K, 15 young (15360K), 0 survivors (0K)
 Metaspace       used 3643K, capacity 6044K, committed 6400K, reserved 1056768K
  class space    used 416K, capacity 661K, committed 768K, reserved 1048576K
Heap Regions: E=young(eden), S=young(survivor), O=old, HS=humongous(starts), HC=humongous(continues), CS=collection set, F=free, A=archive, TAMS=top-at-mark-start (previous, next)
|   0|0x0000000081c00000, 0x0000000081c00000, 0x0000000081d00000|  0%| F|  |TAMS 0x0000000081c00000, 0x0000000081c00000| Untracked 
|   1|0x0000000081d00000, 0x0000000081d00000, 0x0000000081e00000|  0%| F|  |TAMS 0x0000000081d00000, 0x0000000081d00000| Untracked 
|   2|0x0000000081e00000, 0x0000000081e00000, 0x0000000081f00000|  0%| F|  |TAMS 0x0000000081e00000, 0x0000000081e00000| Untracked 
|   3|0x0000000081f00000, 0x0000000081f00000, 0x0000000082000000|  0%| F|  |TAMS 0x0000000081f00000, 0x0000000081f00000| Untracked 
|   4|0x0000000082000000, 0x0000000082000000, 0x0000000082100000|  0%| F|  |TAMS 0x0000000082000000, 0x0000000082000000| Untracked 
|   5|0x0000000082100000, 0x0000000082100000, 0x0000000082200000|  0%| F|  |TAMS 0x0000000082100000, 0x0000000082100000| Untracked 
|   6|0x0000000082200000, 0x0000000082200000, 0x0000000082300000|  0%| F|  |TAMS 0x0000000082200000, 0x0000000082200000| Untracked 
|   7|0x0000000082300000, 0x0000000082300000, 0x0000000082400000|  0%| F|  |TAMS 0x0000000082300000, 0x0000000082300000| Untracked 
|   8|0x0000000082400000, 0x0000000082400000, 0x0000000082500000|  0%| F|  |TAMS 0x0000000082400000, 0x0000000082400000| Untracked 
|   9|0x0000000082500000, 0x0000000082500000, 0x0000000082600000|  0%| F|  |TAMS 0x0000000082500000, 0x0000000082500000| Untracked 
|  10|0x0000000082600000, 0x0000000082600000, 0x0000000082700000|  0%| F|  |TAMS 0x0000000082600000, 0x0000000082600000| Untracked 
|  11|0x0000000082700000, 0x0000000082700000, 0x0000000082800000|  0%| F|  |TAMS 0x0000000082700000, 0x0000000082700000| Untracked 
|  12|0x0000000082800000, 0x0000000082800000, 0x0000000082900000|  0%| F|  |TAMS 0x0000000082800000, 0x0000000082800000| Untracked 
|  13|0x0000000082900000, 0x0000000082900000, 0x0000000082a00000|  0%| F|  |TAMS 0x0000000082900000, 0x0000000082900000| Untracked 
|  14|0x0000000082a00000, 0x0000000082a00000, 0x0000000082b00000|  0%| F|  |TAMS 0x0000000082a00000, 0x0000000082a00000| Untracked 
|  15|0x0000000082b00000, 0x0000000082b00000, 0x0000000082c00000|  0%| F|  |TAMS 0x0000000082b00000, 0x0000000082b00000| Untracked 
|  16|0x0000000082c00000, 0x0000000082c00000, 0x0000000082d00000|  0%| F|  |TAMS 0x0000000082c00000, 0x0000000082c00000| Untracked 
|  17|0x0000000082d00000, 0x0000000082d00000, 0x0000000082e00000|  0%| F|  |TAMS 0x0000000082d00000, 0x0000000082d00000| Untracked 
|  18|0x0000000082e00000, 0x0000000082e00000, 0x0000000082f00000|  0%| F|  |TAMS 0x0000000082e00000, 0x0000000082e00000| Untracked 
|  19|0x0000000082f00000, 0x0000000082f00000, 0x0000000083000000|  0%| F|  |TAMS 0x0000000082f00000, 0x0000000082f00000| Untracked 
|  20|0x0000000083000000, 0x0000000083000000, 0x0000000083100000|  0%| F|  |TAMS 0x0000000083000000, 0x0000000083000000| Untracked 
|  21|0x0000000083100000, 0x0000000083100000, 0x0000000083200000|  0%| F|  |TAMS 0x0000000083100000, 0x0000000083100000| Untracked 
|  22|0x0000000083200000, 0x0000000083200000, 0x0000000083300000|  0%| F|  |TAMS 0x0000000083200000, 0x0000000083200000| Untracked 
|  23|0x0000000083300000, 0x0000000083300000, 0x0000000083400000|  0%| F|  |TAMS 0x0000000083300000, 0x0000000083300000| Untracked 
|  24|0x0000000083400000, 0x0000000083400000, 0x0000000083500000|  0%| F|  |TAMS 0x0000000083400000, 0x0000000083400000| Untracked 
|  25|0x0000000083500000, 0x0000000083500000, 0x0000000083600000|  0%| F|  |TAMS 0x0000000083500000, 0x0000000083500000| Untracked 
|  26|0x0000000083600000, 0x0000000083600000, 0x0000000083700000|  0%| F|  |TAMS 0x0000000083600000, 0x0000000083600000| Untracked 
|  27|0x0000000083700000, 0x0000000083700000, 0x0000000083800000|  0%| F|  |TAMS 0x0000000083700000, 0x0000000083700000| Untracked 
|  28|0x0000000083800000, 0x0000000083800000, 0x0000000083900000|  0%| F|  |TAMS 0x0000000083800000, 0x0000000083800000| Untracked 
|  29|0x0000000083900000, 0x0000000083900000, 0x0000000083a00000|  0%| F|  |TAMS 0x0000000083900000, 0x0000000083900000| Untracked 
|  30|0x0000000083a00000, 0x0000000083a00000, 0x0000000083b00000|  0%| F|  |TAMS 0x0000000083a00000, 0x0000000083a00000| Untracked 
|  31|0x0000000083b00000, 0x0000000083b00000, 0x0000000083c00000|  0%| F|  |TAMS 0x0000000083b00000, 0x0000000083b00000| Untracked 
|  32|0x0000000083c00000, 0x0000000083c00000, 0x0000000083d00000|  0%| F|  |TAMS 0x0000000083c00000, 0x0000000083c00000| Untracked 
|  33|0x0000000083d00000, 0x0000000083d00000, 0x0000000083e00000|  0%| F|  |TAMS 0x0000000083d00000, 0x0000000083d00000| Untracked 
|  34|0x0000000083e00000, 0x0000000083e00000, 0x0000000083f00000|  0%| F|  |TAMS 0x0000000083e00000, 0x0000000083e00000| Untracked 
|  35|0x0000000083f00000, 0x0000000083f00000, 0x0000000084000000|  0%| F|  |TAMS 0x0000000083f00000, 0x0000000083f00000| Untracked 
|  36|0x0000000084000000, 0x0000000084000000, 0x0000000084100000|  0%| F|  |TAMS 0x0000000084000000, 0x0000000084000000| Untracked 
|  37|0x0000000084100000, 0x0000000084100000, 0x0000000084200000|  0%| F|  |TAMS 0x0000000084100000, 0x0000000084100000| Untracked 
|  38|0x0000000084200000, 0x0000000084200000, 0x0000000084300000|  0%| F|  |TAMS 0x0000000084200000, 0x0000000084200000| Untracked 
|  39|0x0000000084300000, 0x0000000084300000, 0x0000000084400000|  0%| F|  |TAMS 0x0000000084300000, 0x0000000084300000| Untracked 
|  40|0x0000000084400000, 0x0000000084400000, 0x0000000084500000|  0%| F|  |TAMS 0x0000000084400000, 0x0000000084400000| Untracked 
|  41|0x0000000084500000, 0x0000000084500000, 0x0000000084600000|  0%| F|  |TAMS 0x0000000084500000, 0x0000000084500000| Untracked 
|  42|0x0000000084600000, 0x0000000084600000, 0x0000000084700000|  0%| F|  |TAMS 0x0000000084600000, 0x0000000084600000| Untracked 
|  43|0x0000000084700000, 0x0000000084700000, 0x0000000084800000|  0%| F|  |TAMS 0x0000000084700000, 0x0000000084700000| Untracked 
|  44|0x0000000084800000, 0x0000000084800000, 0x0000000084900000|  0%| F|  |TAMS 0x0000000084800000, 0x0000000084800000| Untracked 
|  45|0x0000000084900000, 0x0000000084900000, 0x0000000084a00000|  0%| F|  |TAMS 0x0000000084900000, 0x0000000084900000| Untracked 
|  46|0x0000000084a00000, 0x0000000084a00000, 0x0000000084b00000|  0%| F|  |TAMS 0x0000000084a00000, 0x0000000084a00000| Untracked 
|  47|0x0000000084b00000, 0x0000000084b00000, 0x0000000084c00000|  0%| F|  |TAMS 0x0000000084b00000, 0x0000000084b00000| Untracked 
|  48|0x0000000084c00000, 0x0000000084c00000, 0x0000000084d00000|  0%| F|  |TAMS 0x0000000084c00000, 0x0000000084c00000| Untracked 
|  49|0x0000000084d00000, 0x0000000084d00000, 0x0000000084e00000|  0%| F|  |TAMS 0x0000000084d00000, 0x0000000084d00000| Untracked 
|  50|0x0000000084e00000, 0x0000000084e00000, 0x0000000084f00000|  0%| F|  |TAMS 0x0000000084e00000, 0x0000000084e00000| Untracked 
|  51|0x0000000084f00000, 0x0000000084f00000, 0x0000000085000000|  0%| F|  |TAMS 0x0000000084f00000, 0x0000000084f00000| Untracked 
|  52|0x0000000085000000, 0x0000000085000000, 0x0000000085100000|  0%| F|  |TAMS 0x0000000085000000, 0x0000000085000000| Untracked 
|  53|0x0000000085100000, 0x0000000085100000, 0x0000000085200000|  0%| F|  |TAMS 0x0000000085100000, 0x0000000085100000| Untracked 
|  54|0x0000000085200000, 0x0000000085200000, 0x0000000085300000|  0%| F|  |TAMS 0x0000000085200000, 0x0000000085200000| Untracked 
|  55|0x0000000085300000, 0x0000000085300000, 0x0000000085400000|  0%| F|  |TAMS 0x0000000085300000, 0x0000000085300000| Untracked 
|  56|0x0000000085400000, 0x0000000085400000, 0x0000000085500000|  0%| F|  |TAMS 0x0000000085400000, 0x0000000085400000| Untracked 
|  57|0x0000000085500000, 0x0000000085500000, 0x0000000085600000|  0%| F|  |TAMS 0x0000000085500000, 0x0000000085500000| Untracked 
|  58|0x0000000085600000, 0x0000000085600000, 0x0000000085700000|  0%| F|  |TAMS 0x0000000085600000, 0x0000000085600000| Untracked 
|  59|0x0000000085700000, 0x0000000085700000, 0x0000000085800000|  0%| F|  |TAMS 0x0000000085700000, 0x0000000085700000| Untracked 
|  60|0x0000000085800000, 0x0000000085800000, 0x0000000085900000|  0%| F|  |TAMS 0x0000000085800000, 0x0000000085800000| Untracked 
|  61|0x0000000085900000, 0x0000000085900000, 0x0000000085a00000|  0%| F|  |TAMS 0x0000000085900000, 0x0000000085900000| Untracked 
|  62|0x0000000085a00000, 0x0000000085a00000, 0x0000000085b00000|  0%| F|  |TAMS 0x0000000085a00000, 0x0000000085a00000| Untracked 
|  63|0x0000000085b00000, 0x0000000085b00000, 0x0000000085c00000|  0%| F|  |TAMS 0x0000000085b00000, 0x0000000085b00000| Untracked 
|  64|0x0000000085c00000, 0x0000000085c00000, 0x0000000085d00000|  0%| F|  |TAMS 0x0000000085c00000, 0x0000000085c00000| Untracked 
|  65|0x0000000085d00000, 0x0000000085d00000, 0x0000000085e00000|  0%| F|  |TAMS 0x0000000085d00000, 0x0000000085d00000| Untracked 
|  66|0x0000000085e00000, 0x0000000085e00000, 0x0000000085f00000|  0%| F|  |TAMS 0x0000000085e00000, 0x0000000085e00000| Untracked 
|  67|0x0000000085f00000, 0x0000000085f00000, 0x0000000086000000|  0%| F|  |TAMS 0x0000000085f00000, 0x0000000085f00000| Untracked 
|  68|0x0000000086000000, 0x0000000086000000, 0x0000000086100000|  0%| F|  |TAMS 0x0000000086000000, 0x0000000086000000| Untracked 
|  69|0x0000000086100000, 0x0000000086100000, 0x0000000086200000|  0%| F|  |TAMS 0x0000000086100000, 0x0000000086100000| Untracked 
|  70|0x0000000086200000, 0x0000000086200000, 0x0000000086300000|  0%| F|  |TAMS 0x0000000086200000, 0x0000000086200000| Untracked 
|  71|0x0000000086300000, 0x0000000086300000, 0x0000000086400000|  0%| F|  |TAMS 0x0000000086300000, 0x0000000086300000| Untracked 
|  72|0x0000000086400000, 0x0000000086400000, 0x0000000086500000|  0%| F|  |TAMS 0x0000000086400000, 0x0000000086400000| Untracked 
|  73|0x0000000086500000, 0x0000000086500000, 0x0000000086600000|  0%| F|  |TAMS 0x0000000086500000, 0x0000000086500000| Untracked 
|  74|0x0000000086600000, 0x0000000086600000, 0x0000000086700000|  0%| F|  |TAMS 0x0000000086600000, 0x0000000086600000| Untracked 
|  75|0x0000000086700000, 0x0000000086700000, 0x0000000086800000|  0%| F|  |TAMS 0x0000000086700000, 0x0000000086700000| Untracked 
|  76|0x0000000086800000, 0x0000000086800000, 0x0000000086900000|  0%| F|  |TAMS 0x0000000086800000, 0x0000000086800000| Untracked 
|  77|0x0000000086900000, 0x0000000086900000, 0x0000000086a00000|  0%| F|  |TAMS 0x0000000086900000, 0x0000000086900000| Untracked 
|  78|0x0000000086a00000, 0x0000000086a00000, 0x0000000086b00000|  0%| F|  |TAMS 0x0000000086a00000, 0x0000000086a00000| Untracked 
|  79|0x0000000086b00000, 0x0000000086b00000, 0x0000000086c00000|  0%| F|  |TAMS 0x0000000086b00000, 0x0000000086b00000| Untracked 
|  80|0x0000000086c00000, 0x0000000086c00000, 0x0000000086d00000|  0%| F|  |TAMS 0x0000000086c00000, 0x0000000086c00000| Untracked 
|  81|0x0000000086d00000, 0x0000000086d00000, 0x0000000086e00000|  0%| F|  |TAMS 0x0000000086d00000, 0x0000000086d00000| Untracked 
|  82|0x0000000086e00000, 0x0000000086e00000, 0x0000000086f00000|  0%| F|  |TAMS 0x0000000086e00000, 0x0000000086e00000| Untracked 
|  83|0x0000000086f00000, 0x0000000086f00000, 0x0000000087000000|  0%| F|  |TAMS 0x0000000086f00000, 0x0000000086f00000| Untracked 
|  84|0x0000000087000000, 0x0000000087000000, 0x0000000087100000|  0%| F|  |TAMS 0x0000000087000000, 0x0000000087000000| Untracked 
|  85|0x0000000087100000, 0x0000000087100000, 0x0000000087200000|  0%| F|  |TAMS 0x0000000087100000, 0x0000000087100000| Untracked 
|  86|0x0000000087200000, 0x0000000087200000, 0x0000000087300000|  0%| F|  |TAMS 0x0000000087200000, 0x0000000087200000| Untracked 
|  87|0x0000000087300000, 0x0000000087300000, 0x0000000087400000|  0%| F|  |TAMS 0x0000000087300000, 0x0000000087300000| Untracked 
|  88|0x0000000087400000, 0x0000000087400000, 0x0000000087500000|  0%| F|  |TAMS 0x0000000087400000, 0x0000000087400000| Untracked 
|  89|0x0000000087500000, 0x0000000087500000, 0x0000000087600000|  0%| F|  |TAMS 0x0000000087500000, 0x0000000087500000| Untracked 
|  90|0x0000000087600000, 0x0000000087600000, 0x0000000087700000|  0%| F|  |TAMS 0x0000000087600000, 0x0000000087600000| Untracked 
|  91|0x0000000087700000, 0x0000000087700000, 0x0000000087800000|  0%| F|  |TAMS 0x0000000087700000, 0x0000000087700000| Untracked 
|  92|0x0000000087800000, 0x0000000087800000, 0x0000000087900000|  0%| F|  |TAMS 0x0000000087800000, 0x0000000087800000| Untracked 
|  93|0x0000000087900000, 0x0000000087900000, 0x0000000087a00000|  0%| F|  |TAMS 0x0000000087900000, 0x0000000087900000| Untracked 
|  94|0x0000000087a00000, 0x0000000087a00000, 0x0000000087b00000|  0%| F|  |TAMS 0x0000000087a00000, 0x0000000087a00000| Untracked 
|  95|0x0000000087b00000, 0x0000000087b00000, 0x0000000087c00000|  0%| F|  |TAMS 0x0000000087b00000, 0x0000000087b00000| Untracked 
|  96|0x0000000087c00000, 0x0000000087c00000, 0x0000000087d00000|  0%| F|  |TAMS 0x0000000087c00000, 0x0000000087c00000| Untracked 
|  97|0x0000000087d00000, 0x0000000087d00000, 0x0000000087e00000|  0%| F|  |TAMS 0x0000000087d00000, 0x0000000087d00000| Untracked 
|  98|0x0000000087e00000, 0x0000000087e00000, 0x0000000087f00000|  0%| F|  |TAMS 0x0000000087e00000, 0x0000000087e00000| Untracked 
|  99|0x0000000087f00000, 0x0000000087f00000, 0x0000000088000000|  0%| F|  |TAMS 0x0000000087f00000, 0x0000000087f00000| Untracked 
| 100|0x0000000088000000, 0x0000000088000000, 0x0000000088100000|  0%| F|  |TAMS 0x0000000088000000, 0x0000000088000000| Untracked 
| 101|0x0000000088100000, 0x0000000088100000, 0x0000000088200000|  0%| F|  |TAMS 0x0000000088100000, 0x0000000088100000| Untracked 
| 102|0x0000000088200000, 0x0000000088200000, 0x0000000088300000|  0%| F|  |TAMS 0x0000000088200000, 0x0000000088200000| Untracked 
| 103|0x0000000088300000, 0x0000000088300000, 0x0000000088400000|  0%| F|  |TAMS 0x0000000088300000, 0x0000000088300000| Untracked 
| 104|0x0000000088400000, 0x0000000088400000, 0x0000000088500000|  0%| F|  |TAMS 0x0000000088400000, 0x0000000088400000| Untracked 
| 105|0x0000000088500000, 0x0000000088500000, 0x0000000088600000|  0%| F|  |TAMS 0x0000000088500000, 0x0000000088500000| Untracked 
| 106|0x0000000088600000, 0x0000000088600000, 0x0000000088700000|  0%| F|  |TAMS 0x0000000088600000, 0x0000000088600000| Untracked 
| 107|0x0000000088700000, 0x0000000088700000, 0x0000000088800000|  0%| F|  |TAMS 0x0000000088700000, 0x0000000088700000| Untracked 
| 108|0x0000000088800000, 0x0000000088800000, 0x0000000088900000|  0%| F|  |TAMS 0x0000000088800000, 0x0000000088800000| Untracked 
| 109|0x0000000088900000, 0x0000000088900000, 0x0000000088a00000|  0%| F|  |TAMS 0x0000000088900000, 0x0000000088900000| Untracked 
| 110|0x0000000088a00000, 0x0000000088a00000, 0x0000000088b00000|  0%| F|  |TAMS 0x0000000088a00000, 0x0000000088a00000| Untracked 
| 111|0x0000000088b00000, 0x0000000088b00000, 0x0000000088c00000|  0%| F|  |TAMS 0x0000000088b00000, 0x0000000088b00000| Untracked 
| 112|0x0000000088c00000, 0x0000000088c00000, 0x0000000088d00000|  0%| F|  |TAMS 0x0000000088c00000, 0x0000000088c00000| Untracked 
| 113|0x0000000088d00000, 0x0000000088e00000, 0x0000000088e00000|100%| E|  |TAMS 0x0000000088d00000, 0x0000000088d00000| Complete 
| 114|0x0000000088e00000, 0x0000000088f00000, 0x0000000088f00000|100%| E|CS|TAMS 0x0000000088e00000, 0x0000000088e00000| Complete 
| 115|0x0000000088f00000, 0x0000000089000000, 0x0000000089000000|100%| E|CS|TAMS 0x0000000088f00000, 0x0000000088f00000| Complete 
| 116|0x0000000089000000, 0x0000000089100000, 0x0000000089100000|100%| E|CS|TAMS 0x0000000089000000, 0x0000000089000000| Complete 
| 117|0x0000000089100000, 0x0000000089200000, 0x0000000089200000|100%| E|CS|TAMS 0x0000000089100000, 0x0000000089100000| Complete 
| 118|0x0000000089200000, 0x0000000089300000, 0x0000000089300000|100%| E|CS|TAMS 0x0000000089200000, 0x0000000089200000| Complete 
| 119|0x0000000089300000, 0x0000000089400000, 0x0000000089400000|100%| E|CS|TAMS 0x0000000089300000, 0x0000000089300000| Complete 
| 120|0x0000000089400000, 0x0000000089500000, 0x0000000089500000|100%| E|CS|TAMS 0x0000000089400000, 0x0000000089400000| Complete 
| 121|0x0000000089500000, 0x0000000089600000, 0x0000000089600000|100%| E|CS|TAMS 0x0000000089500000, 0x0000000089500000| Complete 
| 122|0x0000000089600000, 0x0000000089700000, 0x0000000089700000|100%| E|CS|TAMS 0x0000000089600000, 0x0000000089600000| Complete 
| 123|0x0000000089700000, 0x0000000089800000, 0x0000000089800000|100%| E|CS|TAMS 0x0000000089700000, 0x0000000089700000| Complete 
| 124|0x0000000089800000, 0x0000000089900000, 0x0000000089900000|100%| E|CS|TAMS 0x0000000089800000, 0x0000000089800000| Complete 
| 125|0x0000000089900000, 0x0000000089a00000, 0x0000000089a00000|100%| E|CS|TAMS 0x0000000089900000, 0x0000000089900000| Complete 
| 126|0x0000000089a00000, 0x0000000089b00000, 0x0000000089b00000|100%| E|CS|TAMS 0x0000000089a00000, 0x0000000089a00000| Complete 
| 127|0x0000000089b00000, 0x0000000089c00000, 0x0000000089c00000|100%| E|CS|TAMS 0x0000000089b00000, 0x0000000089b00000| Complete 

Card table byte_map: [0x0000013034ed0000,0x00000130352d0000] _byte_map_base: 0x0000013034ac2000

Marking Bits (Prev, Next): (CMBitMap*) 0x000001301b01e888, (CMBitMap*) 0x000001301b01e8c8
 Prev Bits: [0x00000130356d0000, 0x0000013037660000)
 Next Bits: [0x0000013037660000, 0x00000130395f0000)

Polling page: 0x000001301c960000

Metaspace:

Usage:
  Non-class:      5.26 MB capacity,     3.15 MB ( 60%) used,     2.09 MB ( 40%) free+waste,    16.56 KB ( <1%) overhead. 
      Class:    661.00 KB capacity,   416.45 KB ( 63%) used,   235.17 KB ( 36%) free+waste,     9.38 KB (  1%) overhead. 
       Both:      5.90 MB capacity,     3.56 MB ( 60%) used,     2.32 MB ( 39%) free+waste,    25.94 KB ( <1%) overhead. 

Virtual space:
  Non-class space:        8.00 MB reserved,       5.50 MB ( 69%) committed 
      Class space:        1.00 GB reserved,     768.00 KB ( <1%) committed 
             Both:        1.01 GB reserved,       6.25 MB ( <1%) committed 

Chunk freelists:
   Non-Class:  0 bytes
       Class:  0 bytes
        Both:  0 bytes

MaxMetaspaceSize: 17179869184.00 GB
CompressedClassSpaceSize: 1.00 GB

CodeHeap 'non-profiled nmethods': size=120000Kb used=291Kb max_used=291Kb free=119708Kb
 bounds [0x000001302d160000, 0x000001302d3d0000, 0x0000013034690000]
CodeHeap 'profiled nmethods': size=120000Kb used=1241Kb max_used=1241Kb free=118758Kb
 bounds [0x0000013025c30000, 0x0000013025ea0000, 0x000001302d160000]
CodeHeap 'non-nmethods': size=5760Kb used=1182Kb max_used=1194Kb free=4577Kb
 bounds [0x0000013025690000, 0x0000013025900000, 0x0000013025c30000]
 total_blobs=1712 nmethods=810 adapters=345
 compilation: enabled
              stopped_count=0, restarted_count=0
 full_count=0

Compilation events (20 events):
Event: 0.399 Thread 0x000001303c0ca800 nmethod 798 0x0000013025d61490 code [0x0000013025d61640, 0x0000013025d618f8]
Event: 0.399 Thread 0x000001303c0ca800  799       3       java.lang.invoke.MemberName$Factory::resolveOrFail (53 bytes)
Event: 0.399 Thread 0x000001303c0ca800 nmethod 799 0x0000013025d61a10 code [0x0000013025d61c20, 0x0000013025d623c0]
Event: 0.399 Thread 0x000001303c0ca800  802       3       jdk.internal.org.objectweb.asm.Label::<init> (5 bytes)
Event: 0.399 Thread 0x000001303c0ca800 nmethod 802 0x0000013025d62610 code [0x0000013025d627c0, 0x0000013025d62998]
Event: 0.399 Thread 0x000001303c0ca800  796       3       jdk.internal.org.objectweb.asm.MethodWriter::hasFrames (13 bytes)
Event: 0.399 Thread 0x000001303c0ca800 nmethod 796 0x0000013025d62a90 code [0x0000013025d62c40, 0x0000013025d62e18]
Event: 0.400 Thread 0x000001303c0c5800 nmethod 779 0x000001302d1a7410 code [0x000001302d1a7620, 0x000001302d1a84b8]
Event: 0.403 Thread 0x000001303c0ca800  804       3       java.util.concurrent.ConcurrentHashMap$Traverser::advance (188 bytes)
Event: 0.403 Thread 0x000001303c0ca800 nmethod 804 0x0000013025d62e90 code [0x0000013025d630e0, 0x0000013025d63fa0]
Event: 0.403 Thread 0x000001303c0ca800  805       3       java.lang.invoke.MethodType::basicType (8 bytes)
Event: 0.403 Thread 0x000001303c0ca800 nmethod 805 0x0000013025d64290 code [0x0000013025d64440, 0x0000013025d645d8]
Event: 0.404 Thread 0x000001303c0ca800  806       3       java.util.concurrent.ConcurrentHashMap$BaseIterator::hasNext (13 bytes)
Event: 0.404 Thread 0x000001303c0ca800 nmethod 806 0x0000013025d64690 code [0x0000013025d64840, 0x0000013025d64a18]
Event: 0.404 Thread 0x000001303c0ca800  807       3       java.util.concurrent.ConcurrentHashMap$ValueIterator::next (34 bytes)
Event: 0.404 Thread 0x000001303c0ca800 nmethod 807 0x0000013025d64a90 code [0x0000013025d64c60, 0x0000013025d64f40]
Event: 0.407 Thread 0x000001303c0ca800  809       3       java.util.ArrayDeque::addLast (51 bytes)
Event: 0.407 Thread 0x000001303c0ca800 nmethod 809 0x0000013025d65090 code [0x0000013025d65280, 0x0000013025d657e0]
Event: 0.408 Thread 0x000001303c0ca800  810   !   3       java.util.zip.ZipFile$Source::readAt (39 bytes)
Event: 0.408 Thread 0x000001303c0ca800 nmethod 810 0x0000013025d65990 code [0x0000013025d65b80, 0x0000013025d66170]

GC Heap History (0 events):
No events

Deoptimization events (20 events):
Event: 0.216 Thread 0x000001301d183800 Uncommon trap: trap_request=0xffffff66 fr.pc=0x000001302d184ca4 relative=0x0000000000000de4
Event: 0.216 Thread 0x000001301d183800 Uncommon trap: reason=speculate_class_check action=maybe_recompile pc=0x000001302d184ca4 method=java.util.HashMap.putVal(ILjava/lang/Object;Ljava/lang/Object;ZZ)Ljava/lang/Object; @ 56 c2
Event: 0.216 Thread 0x000001301d183800 DEOPT PACKING pc=0x000001302d184ca4 sp=0x0000002e5affe040
Event: 0.216 Thread 0x000001301d183800 DEOPT UNPACKING pc=0x00000130256d912f sp=0x0000002e5affded0 mode 2
Event: 0.216 Thread 0x000001301d183800 Uncommon trap: trap_request=0xffffff66 fr.pc=0x000001302d184ca4 relative=0x0000000000000de4
Event: 0.216 Thread 0x000001301d183800 Uncommon trap: reason=speculate_class_check action=maybe_recompile pc=0x000001302d184ca4 method=java.util.HashMap.putVal(ILjava/lang/Object;Ljava/lang/Object;ZZ)Ljava/lang/Object; @ 56 c2
Event: 0.216 Thread 0x000001301d183800 DEOPT PACKING pc=0x000001302d184ca4 sp=0x0000002e5affe040
Event: 0.216 Thread 0x000001301d183800 DEOPT UNPACKING pc=0x00000130256d912f sp=0x0000002e5affded0 mode 2
Event: 0.216 Thread 0x000001301d183800 Uncommon trap: trap_request=0xffffff66 fr.pc=0x000001302d184ca4 relative=0x0000000000000de4
Event: 0.216 Thread 0x000001301d183800 Uncommon trap: reason=speculate_class_check action=maybe_recompile pc=0x000001302d184ca4 method=java.util.HashMap.putVal(ILjava/lang/Object;Ljava/lang/Object;ZZ)Ljava/lang/Object; @ 56 c2
Event: 0.216 Thread 0x000001301d183800 DEOPT PACKING pc=0x000001302d184ca4 sp=0x0000002e5affe040
Event: 0.216 Thread 0x000001301d183800 DEOPT UNPACKING pc=0x00000130256d912f sp=0x0000002e5affded0 mode 2
Event: 0.216 Thread 0x000001301d183800 Uncommon trap: trap_request=0xffffff66 fr.pc=0x000001302d184ca4 relative=0x0000000000000de4
Event: 0.216 Thread 0x000001301d183800 Uncommon trap: reason=speculate_class_check action=maybe_recompile pc=0x000001302d184ca4 method=java.util.HashMap.putVal(ILjava/lang/Object;Ljava/lang/Object;ZZ)Ljava/lang/Object; @ 56 c2
Event: 0.216 Thread 0x000001301d183800 DEOPT PACKING pc=0x000001302d184ca4 sp=0x0000002e5affe040
Event: 0.216 Thread 0x000001301d183800 DEOPT UNPACKING pc=0x00000130256d912f sp=0x0000002e5affded0 mode 2
Event: 0.321 Thread 0x000001301d183800 DEOPT PACKING pc=0x0000013025d199bf sp=0x0000002e5affe300
Event: 0.321 Thread 0x000001301d183800 DEOPT UNPACKING pc=0x00000130256d964e sp=0x0000002e5affd720 mode 0
Event: 0.324 Thread 0x000001301d183800 DEOPT PACKING pc=0x0000013025d146f7 sp=0x0000002e5affe2b0
Event: 0.324 Thread 0x000001301d183800 DEOPT UNPACKING pc=0x00000130256d964e sp=0x0000002e5affd748 mode 0

Classes unloaded (0 events):
No events

Classes redefined (0 events):
No events

Internal exceptions (8 events):
Event: 0.119 Thread 0x000001301d183800 Exception <a 'java/lang/NoSuchMethodError'{0x000000008989ed08}: 'int java.lang.invoke.DirectMethodHandle$Holder.invokeSpecial(java.lang.Object, java.lang.Object, java.lang.Object, java.lang.Object)'> (0x000000008989ed08) 
thrown [t:/workspace/open/src/hotspot/share/interpreter/linkResolver.cpp, line 767]
Event: 0.121 Thread 0x000001301d183800 Exception <a 'java/lang/NoSuchMethodError'{0x00000000898a67a0}: 'void java.lang.invoke.DirectMethodHandle$Holder.invokeVirtual(java.lang.Object, java.lang.Object)'> (0x00000000898a67a0) 
thrown [t:/workspace/open/src/hotspot/share/interpreter/linkResolver.cpp, line 767]
Event: 0.127 Thread 0x000001301d183800 Exception <a 'java/lang/NoSuchMethodError'{0x00000000898d65d8}: 'int java.lang.invoke.DirectMethodHandle$Holder.invokeSpecialIFC(java.lang.Object, java.lang.Object, int)'> (0x00000000898d65d8) 
thrown [t:/workspace/open/src/hotspot/share/interpreter/linkResolver.cpp, line 767]
Event: 0.170 Thread 0x000001303cd37000 Exception <a 'java/lang/ClassNotFoundException'{0x000000008950a890}: jdk/net/ExtendedSocketOptions> (0x000000008950a890) 
thrown [t:/workspace/open/src/hotspot/share/classfile/systemDictionary.cpp, line 232]
Event: 0.379 Thread 0x000001301d183800 Exception <a 'java/lang/NoSuchMethodError'{0x0000000088fc5c98}: 'int java.lang.invoke.DirectMethodHandle$Holder.invokeStaticInit(java.lang.Object, java.lang.Object, java.lang.Object)'> (0x0000000088fc5c98) 
thrown [t:/workspace/open/src/hotspot/share/interpreter/linkResolver.cpp, line 767]
Event: 0.380 Thread 0x000001301d183800 Exception <a 'java/lang/NoSuchMethodError'{0x0000000088fd0c08}: 'void java.lang.invoke.DirectMethodHandle$Holder.invokeSpecial(java.lang.Object, java.lang.Object)'> (0x0000000088fd0c08) 
thrown [t:/workspace/open/src/hotspot/share/interpreter/linkResolver.cpp, line 767]
Event: 0.398 Thread 0x000001301d183800 Exception <a 'java/lang/NoSuchMethodError'{0x0000000088d06030}: 'java.lang.Object java.lang.invoke.DirectMethodHandle$Holder.invokeStatic(java.lang.Object, java.lang.Object, int, java.lang.Object)'> (0x0000000088d06030) 
thrown [t:/workspace/open/src/hotspot/share/interpreter/linkResolver.cpp, line 767]
Event: 0.399 Thread 0x000001301d183800 Exception <a 'java/lang/NoSuchMethodError'{0x0000000088d0c2f8}: 'java.lang.Object java.lang.invoke.Invokers$Holder.linkToTargetMethod(java.lang.Object, int, java.lang.Object, java.lang.Object)'> (0x0000000088d0c2f8) 
thrown [t:/workspace/open/src/hotspot/share/interpreter/linkResolver.cpp, line 767]

Events (20 events):
Event: 0.405 loading class java/util/concurrent/CancellationException
Event: 0.405 loading class java/util/concurrent/CancellationException done
Event: 0.405 Executing VM operation: RevokeBias
Event: 0.405 Executing VM operation: RevokeBias done
Event: 0.405 loading class java/util/concurrent/ExecutionException
Event: 0.405 loading class java/util/concurrent/ExecutionException done
Event: 0.405 loading class java/util/concurrent/FutureTask$WaitNode
Event: 0.405 loading class java/util/concurrent/FutureTask$WaitNode done
Event: 0.405 loading class java/util/concurrent/Executors$RunnableAdapter
Event: 0.405 loading class java/util/concurrent/Executors$RunnableAdapter done
Event: 0.406 Executing VM operation: RevokeBias
Event: 0.406 Executing VM operation: RevokeBias done
Event: 0.406 Executing VM operation: RevokeBias
Event: 0.406 Executing VM operation: RevokeBias done
Event: 0.406 Executing VM operation: RevokeBias
Event: 0.406 Executing VM operation: RevokeBias done
Event: 0.407 Executing VM operation: RevokeBias
Event: 0.407 Executing VM operation: RevokeBias done
Event: 0.407 Executing VM operation: RevokeBias
Event: 0.407 Executing VM operation: RevokeBias done


Dynamic libraries:
0x00007ff6be270000 - 0x00007ff6be27f000 	C:\Program Files\Java\jdk-13.0.2\bin\java.exe
0x00007ffaf0bb0000 - 0x00007ffaf0da5000 	C:\WINDOWS\SYSTEM32\ntdll.dll
0x00007ffaf0320000 - 0x00007ffaf03de000 	C:\WINDOWS\System32\KERNEL32.DLL
0x00007ffaee6a0000 - 0x00007ffaee968000 	C:\WINDOWS\System32\KERNELBASE.dll
0x00007ffaee470000 - 0x00007ffaee570000 	C:\WINDOWS\System32\ucrtbase.dll
0x00007ffae5f20000 - 0x00007ffae5f35000 	C:\Program Files\Java\jdk-13.0.2\bin\VCRUNTIME140.dll
0x00007ffae7bc0000 - 0x00007ffae7bd8000 	C:\Program Files\Java\jdk-13.0.2\bin\jli.dll
0x00007ffaf0510000 - 0x00007ffaf05be000 	C:\WINDOWS\System32\ADVAPI32.dll
0x00007ffaf01d0000 - 0x00007ffaf026e000 	C:\WINDOWS\System32\msvcrt.dll
0x00007ffaf0050000 - 0x00007ffaf00ec000 	C:\WINDOWS\System32\sechost.dll
0x00007ffaeec40000 - 0x00007ffaeed65000 	C:\WINDOWS\System32\RPCRT4.dll
0x00007ffaef730000 - 0x00007ffaef8d0000 	C:\WINDOWS\System32\USER32.dll
0x00007ffad2490000 - 0x00007ffad272a000 	C:\WINDOWS\WinSxS\amd64_microsoft.windows.common-controls_6595b64144ccf1df_6.0.19041.1110_none_60b5254171f9507e\COMCTL32.dll
0x00007ffaee5c0000 - 0x00007ffaee5e2000 	C:\WINDOWS\System32\win32u.dll
0x00007ffaf0020000 - 0x00007ffaf004a000 	C:\WINDOWS\System32\GDI32.dll
0x00007ffaee970000 - 0x00007ffaeea7b000 	C:\WINDOWS\System32\gdi32full.dll
0x00007ffaee2a0000 - 0x00007ffaee33d000 	C:\WINDOWS\System32\msvcp_win.dll
0x00007ffae5b90000 - 0x00007ffae5b9a000 	C:\WINDOWS\SYSTEM32\VERSION.dll
0x00007ffaf02f0000 - 0x00007ffaf0320000 	C:\WINDOWS\System32\IMM32.DLL
0x00007ffac2aa0000 - 0x00007ffac2b3b000 	C:\Program Files\Java\jdk-13.0.2\bin\msvcp140.dll
0x00007ffab0af0000 - 0x00007ffab164d000 	C:\Program Files\Java\jdk-13.0.2\bin\server\jvm.dll
0x00007ffaf07d0000 - 0x00007ffaf07d8000 	C:\WINDOWS\System32\PSAPI.DLL
0x00007ffae8320000 - 0x00007ffae8329000 	C:\WINDOWS\SYSTEM32\WSOCK32.dll
0x00007ffae8350000 - 0x00007ffae8377000 	C:\WINDOWS\SYSTEM32\WINMM.dll
0x00007ffaf00f0000 - 0x00007ffaf015b000 	C:\WINDOWS\System32\WS2_32.dll
0x00007ffaecb50000 - 0x00007ffaecb62000 	C:\WINDOWS\SYSTEM32\kernel.appcore.dll
0x00007ffae82a0000 - 0x00007ffae82b0000 	C:\Program Files\Java\jdk-13.0.2\bin\verify.dll
0x00007ffaebf70000 - 0x00007ffaec154000 	C:\WINDOWS\SYSTEM32\DBGHELP.DLL
0x00007ffad6dd0000 - 0x00007ffad6dfc000 	C:\WINDOWS\SYSTEM32\dbgcore.DLL
0x00007ffaee3e0000 - 0x00007ffaee462000 	C:\WINDOWS\System32\bcryptPrimitives.dll
0x00007ffae2e20000 - 0x00007ffae2e46000 	C:\Program Files\Java\jdk-13.0.2\bin\java.dll
0x00007ffae2e10000 - 0x00007ffae2e1e000 	C:\Program Files\Java\jdk-13.0.2\bin\instrument.dll
0x00007ffae5f00000 - 0x00007ffae5f17000 	C:\Program Files\Java\jdk-13.0.2\bin\zip.dll
0x00007ffae6100000 - 0x00007ffae610a000 	C:\Program Files\Java\jdk-13.0.2\bin\jimage.dll
0x00007ffaef8d0000 - 0x00007ffaf0014000 	C:\WINDOWS\System32\SHELL32.dll
0x00007ffaec3a0000 - 0x00007ffaecb34000 	C:\WINDOWS\SYSTEM32\windows.storage.dll
0x00007ffaf07e0000 - 0x00007ffaf0b34000 	C:\WINDOWS\System32\combase.dll
0x00007ffaedd10000 - 0x00007ffaedd3c000 	C:\WINDOWS\SYSTEM32\Wldp.dll
0x00007ffaef450000 - 0x00007ffaef4fd000 	C:\WINDOWS\System32\SHCORE.dll
0x00007ffaef500000 - 0x00007ffaef555000 	C:\WINDOWS\System32\shlwapi.dll
0x00007ffaee1e0000 - 0x00007ffaee1ff000 	C:\WINDOWS\SYSTEM32\profapi.dll
0x00007ffad9f70000 - 0x00007ffad9f89000 	C:\Program Files\Java\jdk-13.0.2\bin\net.dll
0x00007ffadbac0000 - 0x00007ffadbbca000 	C:\WINDOWS\SYSTEM32\WINHTTP.dll
0x00007ffaeda70000 - 0x00007ffaedada000 	C:\WINDOWS\system32\mswsock.dll
0x00007ffad9f50000 - 0x00007ffad9f63000 	C:\Program Files\Java\jdk-13.0.2\bin\nio.dll
0x00007ffad8ef0000 - 0x00007ffad8f0a000 	C:\Program Files\JetBrains\IntelliJ IDEA Community Edition 2019.3.3\bin\breakgen64.dll
0x000001301d120000 - 0x000001301d123000 	C:\Users\Maxim\.openjfx\cache\13\api-ms-win-core-console-l1-1-0.dll
0x000001301d130000 - 0x000001301d133000 	C:\Users\Maxim\.openjfx\cache\13\api-ms-win-core-datetime-l1-1-0.dll
0x000001301d140000 - 0x000001301d143000 	C:\Users\Maxim\.openjfx\cache\13\api-ms-win-core-debug-l1-1-0.dll
0x000001301d150000 - 0x000001301d153000 	C:\Users\Maxim\.openjfx\cache\13\api-ms-win-core-errorhandling-l1-1-0.dll
0x000001303d610000 - 0x000001303d614000 	C:\Users\Maxim\.openjfx\cache\13\api-ms-win-core-file-l1-1-0.dll
0x000001303d620000 - 0x000001303d623000 	C:\Users\Maxim\.openjfx\cache\13\api-ms-win-core-file-l1-2-0.dll
0x000001303d630000 - 0x000001303d633000 	C:\Users\Maxim\.openjfx\cache\13\api-ms-win-core-file-l2-1-0.dll
0x000001303d640000 - 0x000001303d643000 	C:\Users\Maxim\.openjfx\cache\13\api-ms-win-core-handle-l1-1-0.dll
0x000001303d650000 - 0x000001303d653000 	C:\Users\Maxim\.openjfx\cache\13\api-ms-win-core-heap-l1-1-0.dll
0x000001303d660000 - 0x000001303d663000 	C:\Users\Maxim\.openjfx\cache\13\api-ms-win-core-interlocked-l1-1-0.dll
0x000001303d670000 - 0x000001303d673000 	C:\Users\Maxim\.openjfx\cache\13\api-ms-win-core-libraryloader-l1-1-0.dll
0x000001303d680000 - 0x000001303d683000 	C:\Users\Maxim\.openjfx\cache\13\api-ms-win-core-localization-l1-2-0.dll
0x000001303d690000 - 0x000001303d693000 	C:\Users\Maxim\.openjfx\cache\13\api-ms-win-core-memory-l1-1-0.dll
0x000001303d6a0000 - 0x000001303d6a3000 	C:\Users\Maxim\.openjfx\cache\13\api-ms-win-core-namedpipe-l1-1-0.dll
0x000001303d6b0000 - 0x000001303d6b3000 	C:\Users\Maxim\.openjfx\cache\13\api-ms-win-core-processenvironment-l1-1-0.dll
0x000001303d6c0000 - 0x000001303d6c3000 	C:\Users\Maxim\.openjfx\cache\13\api-ms-win-core-processthreads-l1-1-0.dll
0x000001303d6d0000 - 0x000001303d6d3000 	C:\Users\Maxim\.openjfx\cache\13\api-ms-win-core-processthreads-l1-1-1.dll
0x000001303d6e0000 - 0x000001303d6e3000 	C:\Users\Maxim\.openjfx\cache\13\api-ms-win-core-profile-l1-1-0.dll
0x000001303d6f0000 - 0x000001303d6f3000 	C:\Users\Maxim\.openjfx\cache\13\api-ms-win-core-rtlsupport-l1-1-0.dll
0x000001303d700000 - 0x000001303d703000 	C:\Users\Maxim\.openjfx\cache\13\api-ms-win-core-string-l1-1-0.dll
0x000001303d710000 - 0x000001303d713000 	C:\Users\Maxim\.openjfx\cache\13\api-ms-win-core-synch-l1-1-0.dll
0x000001303d720000 - 0x000001303d723000 	C:\Users\Maxim\.openjfx\cache\13\api-ms-win-core-synch-l1-2-0.dll
0x000001303d730000 - 0x000001303d733000 	C:\Users\Maxim\.openjfx\cache\13\api-ms-win-core-sysinfo-l1-1-0.dll
0x000001303d740000 - 0x000001303d743000 	C:\Users\Maxim\.openjfx\cache\13\api-ms-win-core-timezone-l1-1-0.dll
0x000001303d750000 - 0x000001303d753000 	C:\Users\Maxim\.openjfx\cache\13\api-ms-win-core-util-l1-1-0.dll
0x000001303d760000 - 0x000001303d763000 	C:\Users\Maxim\.openjfx\cache\13\api-ms-win-crt-conio-l1-1-0.dll
0x000001303d770000 - 0x000001303d774000 	C:\Users\Maxim\.openjfx\cache\13\api-ms-win-crt-convert-l1-1-0.dll
0x000001303d780000 - 0x000001303d783000 	C:\Users\Maxim\.openjfx\cache\13\api-ms-win-crt-environment-l1-1-0.dll
0x000001303d790000 - 0x000001303d793000 	C:\Users\Maxim\.openjfx\cache\13\api-ms-win-crt-filesystem-l1-1-0.dll
0x000001303d7a0000 - 0x000001303d7a3000 	C:\Users\Maxim\.openjfx\cache\13\api-ms-win-crt-heap-l1-1-0.dll
0x000001303d7b0000 - 0x000001303d7b3000 	C:\Users\Maxim\.openjfx\cache\13\api-ms-win-crt-locale-l1-1-0.dll
0x000001303d7c0000 - 0x000001303d7c5000 	C:\Users\Maxim\.openjfx\cache\13\api-ms-win-crt-math-l1-1-0.dll
0x000001303d7d0000 - 0x000001303d7d5000 	C:\Users\Maxim\.openjfx\cache\13\api-ms-win-crt-multibyte-l1-1-0.dll
0x000001303d7e0000 - 0x000001303d7f0000 	C:\Users\Maxim\.openjfx\cache\13\api-ms-win-crt-private-l1-1-0.dll
0x000001303d7f0000 - 0x000001303d7f3000 	C:\Users\Maxim\.openjfx\cache\13\api-ms-win-crt-process-l1-1-0.dll
0x000001303d800000 - 0x000001303d804000 	C:\Users\Maxim\.openjfx\cache\13\api-ms-win-crt-runtime-l1-1-0.dll
0x000001303d810000 - 0x000001303d814000 	C:\Users\Maxim\.openjfx\cache\13\api-ms-win-crt-stdio-l1-1-0.dll
0x000001303d820000 - 0x000001303d824000 	C:\Users\Maxim\.openjfx\cache\13\api-ms-win-crt-string-l1-1-0.dll
0x000001303d830000 - 0x000001303d833000 	C:\Users\Maxim\.openjfx\cache\13\api-ms-win-crt-time-l1-1-0.dll
0x000001303d840000 - 0x000001303d843000 	C:\Users\Maxim\.openjfx\cache\13\api-ms-win-crt-utility-l1-1-0.dll
0x00007ffabc1f0000 - 0x00007ffabc2ec000 	C:\Users\Maxim\.openjfx\cache\13\ucrtbase.dll
0x00007ffad2140000 - 0x00007ffad2155000 	C:\Users\Maxim\.openjfx\cache\13\vcruntime140.dll
0x00007ffac2a00000 - 0x00007ffac2a9b000 	C:\Users\Maxim\.openjfx\cache\13\msvcp140.dll
0x00007ffac2ed0000 - 0x00007ffac2f21000 	C:\Users\Maxim\.openjfx\cache\13\concrt140.dll
0x00007ffad0460000 - 0x00007ffad0483000 	C:\Users\Maxim\.openjfx\cache\13\prism_d3d.dll
0x00007ffae6910000 - 0x00007ffae6adf000 	C:\WINDOWS\system32\d3d9.dll
0x00007ffaebb30000 - 0x00007ffaebb5f000 	C:\WINDOWS\SYSTEM32\dwmapi.dll
0x00007ffaeb940000 - 0x00007ffaeb9de000 	C:\WINDOWS\system32\uxtheme.dll
0x00007ffab7020000 - 0x00007ffab7183000 	C:\WINDOWS\System32\DriverStore\FileRepository\iigd_dch.inf_amd64_d7403bad0b41f2bd\igdumdim64.dll
0x00007ffadf9f0000 - 0x00007ffadfc2f000 	C:\WINDOWS\System32\DriverStore\FileRepository\iigd_dch.inf_amd64_d7403bad0b41f2bd\igdgmm64.dll
0x00007ffac8920000 - 0x00007ffac8965000 	C:\Users\Maxim\.openjfx\cache\13\glass.dll
0x00007ffaf05c0000 - 0x00007ffaf069b000 	C:\WINDOWS\System32\COMDLG32.dll
0x00007ffaf03e0000 - 0x00007ffaf050a000 	C:\WINDOWS\System32\ole32.dll
0x00007ffaf06a0000 - 0x00007ffaf076d000 	C:\WINDOWS\System32\OLEAUT32.dll
0x00007ffaef610000 - 0x00007ffaef725000 	C:\WINDOWS\System32\MSCTF.dll

dbghelp: loaded successfully - version: 4.0.5 - missing functions: none
symbol engine: initialized successfully - sym options: 0x614 - pdb path: .;C:\Program Files\Java\jdk-13.0.2\bin;C:\WINDOWS\SYSTEM32;C:\WINDOWS\WinSxS\amd64_microsoft.windows.common-controls_6595b64144ccf1df_6.0.19041.1110_none_60b5254171f9507e;C:\Program Files\Java\jdk-13.0.2\bin\server;C:\Program Files\JetBrains\IntelliJ IDEA Community Edition 2019.3.3\bin;C:\Users\Maxim\.openjfx\cache\13;C:\WINDOWS\System32\DriverStore\FileRepository\iigd_dch.inf_amd64_d7403bad0b41f2bd

VM Arguments:
jvm_args: --add-modules=javafx.base,javafx.graphics --add-reads=javafx.base=ALL-UNNAMED --add-reads=javafx.graphics=ALL-UNNAMED -javaagent:C:\Program Files\JetBrains\IntelliJ IDEA Community Edition 2019.3.3\lib\idea_rt.jar=60775:C:\Program Files\JetBrains\IntelliJ IDEA Community Edition 2019.3.3\bin -Dfile.encoding=UTF-8 --module-path=C:\Users\Maxim\.m2\repository\org\openjfx\javafx-base\13\javafx-base-13-win.jar;C:\Users\Maxim\.m2\repository\org\openjfx\javafx-graphics\13\javafx-graphics-13-win.jar;C:\Users\Maxim\IdeaProjects\BattleRoyalRefactored\Game\target\classes;C:\Users\Maxim\.m2\repository\org\openjfx\javafx-controls\13\javafx-controls-13.jar;C:\Users\Maxim\.m2\repository\org\openjfx\javafx-controls\13\javafx-controls-13-win.jar;C:\Users\Maxim\.m2\repository\org\openjfx\javafx-graphics\13\javafx-graphics-13.jar;C:\Users\Maxim\.m2\repository\org\openjfx\javafx-base\13\javafx-base-13.jar;C:\Users\Maxim\.m2\repository\org\openjfx\javafx-archetype-fxml\0.0.6\javafx-archetype-fxml-0.0.6.jar;C:\Users\Maxim\.m2\repository\org\openjfx\javafx-fxml\18.0.1\javafx-fxml-18.0.1.jar;C:\Users\Maxim\.m2\repository\org\openjfx\javafx-fxml\18.0.1\javafx-fxml-18.0.1-win.jar -Djdk.module.main=game 
java_command: game/game.App
java_class_path (initial): <not set>
Launcher Type: SUN_STANDARD

[Global flags]
     intx CICompilerCount                          = 4                                         {product} {ergonomic}
     uint ConcGCThreads                            = 2                                         {product} {ergonomic}
     uint G1ConcRefinementThreads                  = 8                                         {product} {ergonomic}
   size_t G1HeapRegionSize                         = 1048576                                   {product} {ergonomic}
    uintx GCDrainStackTargetSize                   = 64                                        {product} {ergonomic}
   size_t InitialHeapSize                          = 134217728                                 {product} {ergonomic}
   size_t MarkStackSize                            = 4194304                                   {product} {ergonomic}
   size_t MaxHeapSize                              = 2118123520                                {product} {ergonomic}
   size_t MaxNewSize                               = 1270874112                                {product} {ergonomic}
   size_t MinHeapDeltaBytes                        = 1048576                                   {product} {ergonomic}
   size_t MinHeapSize                              = 8388608                                   {product} {ergonomic}
    uintx NonNMethodCodeHeapSize                   = 5839372                                {pd product} {ergonomic}
    uintx NonProfiledCodeHeapSize                  = 122909434                              {pd product} {ergonomic}
    uintx ProfiledCodeHeapSize                     = 122909434                              {pd product} {ergonomic}
    uintx ReservedCodeCacheSize                    = 251658240                              {pd product} {ergonomic}
     bool SegmentedCodeCache                       = true                                      {product} {ergonomic}
   size_t SoftMaxHeapSize                          = 2118123520                             {manageable} {ergonomic}
     bool UseCompressedClassPointers               = true                                 {lp64_product} {ergonomic}
     bool UseCompressedOops                        = true                                 {lp64_product} {ergonomic}
     bool UseG1GC                                  = true                                      {product} {ergonomic}
     bool UseLargePagesIndividualAllocation        = false                                  {pd product} {ergonomic}

Logging:
Log output configuration:
 #0: stdout all=warning uptime,level,tags
 #1: stderr all=off uptime,level,tags

Environment Variables:
PATH=C:\Program Files (x86)\Embarcadero\Studio\21.0\bin;C:\Users\Public\Documents\Embarcadero\Studio\21.0\Bpl;C:\Program Files (x86)\Embarcadero\Studio\21.0\bin64;C:\Users\Public\Documents\Embarcadero\Studio\21.0\Bpl\Win64;C:\Program Files\Microsoft MPI\Bin\;C:\WINDOWS\system32;C:\WINDOWS;C:\WINDOWS\System32\Wbem;C:\WINDOWS\System32\WindowsPowerShell\v1.0\;C:\WINDOWS\System32\OpenSSH\;C:\Program Files (x86)\QuickTime\QTSystem\;C:\Program Files (x86)\Microsoft SQL Server\150\DTS\Binn\;C:\Program Files\dotnet\;C:\Program Files\Microsoft SQL Server\130\Tools\Binn\;C:\Program Files\Git\cmd;C:\Program Files\Conan\conan;C:\Users\Maxim\AppData\Local\Microsoft\WindowsApps;C:\Users\Maxim\.dotnet\tools;C:\Users\Администратор\AppData\Local\GitHubDesktop\bin;C:\Program Files\CMake\bin
USERNAME=Maxim
OS=Windows_NT
PROCESSOR_IDENTIFIER=Intel64 Family 6 Model 158 Stepping 10, GenuineIntel



---------------  S Y S T E M  ---------------

OS: Windows 10 , 64 bit Build 19041 (10.0.19041.1645)

CPU:total 8 (initial active 8) (4 cores per cpu, 2 threads per core) family 6 model 158 stepping 10, cmov, cx8, fxsr, mmx, sse, sse2, sse3, ssse3, sse4.1, sse4.2, popcnt, avx, avx2, aes, clmul, erms, 3dnowpref, lzcnt, ht, tsc, tscinvbit, bmi1, bmi2, adx, fma

Memory: 4k page, system-wide physical 8072M (1366M free)
TotalPageFile size 11144M (AvailPageFile size 5M)
current process WorkingSet (physical memory assigned to process): 63M, peak: 63M
current process commit charge ("private bytes"): 225M, peak: 232M

vm_info: Java HotSpot(TM) 64-Bit Server VM (13.0.2+8) for windows-amd64 JRE (13.0.2+8), built on Dec 11 2019 09:20:33 by "mach5one" with unknown MS VC++:1916

END.
